<?xml version="1.0" encoding="utf-8"?><testsuites name="pytest tests"><testsuite name="pytest" errors="0" failures="0" skipped="0" tests="6" time="13.357" timestamp="2026-04-23T20:46:24.631924+00:00" hostname="agent-env-846bd353-cf45-4ac3-9347-173ad6930b9f"><testcase classname="backend.tests.test_coc_dealer_details" name="test_missing_brand_returns_400" time="1.104" /><testcase classname="backend.tests.test_coc_dealer_details" name="test_missing_type_returns_400" time="0.275" /><testcase classname="backend.tests.test_coc_dealer_details" name="test_missing_chassis_and_document_returns_400" time="0.279" /><testcase classname="backend.tests.test_coc_dealer_details" name="test_success_with_chassis_persists_fields" time="3.252" /><testcase classname="backend.tests.test_coc_dealer_details" name="test_success_with_document_only_persists_fields" time="3.217" /><testcase classname="backend.tests.test_coc_dealer_details" name="test_admin_coc_orders_exposes_dealer_fields" time="5.169" /></testsuite></testsuites>