<?xml version="1.0" encoding="utf-8"?><testsuites name="pytest tests"><testsuite name="pytest" errors="0" failures="0" skipped="1" tests="10" time="1.678" timestamp="2026-04-23T20:03:48.482329+00:00" hostname="agent-env-846bd353-cf45-4ac3-9347-173ad6930b9f"><testcase classname="backend.tests.test_coc_pdf" name="test_admin_upload_pdf_success" time="0.231" /><testcase classname="backend.tests.test_coc_pdf" name="test_admin_upload_non_pdf_returns_400" time="0.004" /><testcase classname="backend.tests.test_coc_pdf" name="test_dealer_upload_forbidden" time="0.229" /><testcase classname="backend.tests.test_coc_pdf" name="test_upload_on_non_coc_order_returns_400" time="0.010" /><testcase classname="backend.tests.test_coc_pdf" name="test_admin_download_pdf" time="0.007" /><testcase classname="backend.tests.test_coc_pdf" name="test_owning_dealer_download_pdf" time="0.003" /><testcase classname="backend.tests.test_coc_pdf" name="test_download_nonexistent_pdf_returns_404" time="0.007" /><testcase classname="backend.tests.test_coc_pdf" name="test_admin_coc_orders_includes_pdf_fields" time="0.004" /><testcase classname="backend.tests.test_coc_pdf" name="test_status_sent_to_dealer_with_pdf" time="1.120" /><testcase classname="backend.tests.test_coc_pdf" name="test_non_owner_dealer_forbidden" time="0.002"><skipped type="pytest.skip" message="admin/users not available">/app/backend/tests/test_coc_pdf.py:135: admin/users not available</skipped></testcase></testsuite></testsuites>