<?xml version="1.0" encoding="utf-8"?><testsuites name="pytest tests"><testsuite name="pytest" errors="0" failures="0" skipped="0" tests="13" time="6.581" timestamp="2026-04-07T15:46:27.226871+00:00" hostname="agent-env-846bd353-cf45-4ac3-9347-173ad6930b9f"><testcase classname="backend.tests.test_damage_checklist.TestDamageChecklistBackend" name="test_01_create_taxatie_with_damage_items_array" time="0.753" /><testcase classname="backend.tests.test_damage_checklist.TestDamageChecklistBackend" name="test_02_has_damage_computed_from_damage_items" time="0.559" /><testcase classname="backend.tests.test_damage_checklist.TestDamageChecklistBackend" name="test_03_has_damage_false_when_no_checked_items" time="0.481" /><testcase classname="backend.tests.test_damage_checklist.TestDamageChecklistBackend" name="test_04_herstelkosten_auto_calculated_from_checked_items" time="0.508" /><testcase classname="backend.tests.test_damage_checklist.TestDamageChecklistBackend" name="test_05_schade_aftrek_31_percent_of_herstelkosten" time="0.499" /><testcase classname="backend.tests.test_damage_checklist.TestDamageChecklistBackend" name="test_06_schade_aftrek_affects_netto_bpm" time="0.494" /><testcase classname="backend.tests.test_damage_checklist.TestDamageChecklistBackend" name="test_07_update_taxatie_with_new_damage_items" time="0.413" /><testcase classname="backend.tests.test_damage_checklist.TestDamageChecklistBackend" name="test_08_unchecking_item_resets_cost_in_calculation" time="0.483" /><testcase classname="backend.tests.test_damage_checklist.TestDamageChecklistBackend" name="test_09_all_26_damage_items_accepted" time="0.483" /><testcase classname="backend.tests.test_damage_checklist.TestDamageChecklistBackend" name="test_10_damage_notes_stored" time="0.514" /><testcase classname="backend.tests.test_damage_checklist.TestDamageChecklistBackend" name="test_11_get_taxatie_includes_damage_items" time="0.408" /><testcase classname="backend.tests.test_damage_checklist.TestDamageChecklistBackend" name="test_12_list_taxaties_shows_damage_count" time="0.434" /><testcase classname="backend.tests.test_damage_checklist.TestDamageChecklistBackend" name="test_99_cleanup" time="0.481" /></testsuite></testsuites>