<?xml version="1.0" encoding="utf-8"?><testsuites name="pytest tests"><testsuite name="pytest" errors="0" failures="0" skipped="0" tests="16" time="2.360" timestamp="2026-02-17T23:51:05.176804+00:00" hostname="agent-env-2fdeaa92-b5f7-4caf-91e1-12a72a7cec6c"><testcase classname="backend.tests.test_rdw_document.TestRDWDocumentUpload" name="test_upload_pdf_document" time="0.419" /><testcase classname="backend.tests.test_rdw_document.TestRDWDocumentUpload" name="test_upload_jpg_document" time="0.081" /><testcase classname="backend.tests.test_rdw_document.TestRDWDocumentUpload" name="test_upload_png_document" time="0.078" /><testcase classname="backend.tests.test_rdw_document.TestRDWDocumentUpload" name="test_upload_webp_document" time="0.077" /><testcase classname="backend.tests.test_rdw_document.TestFileTypeValidation" name="test_reject_txt_file" time="0.075" /><testcase classname="backend.tests.test_rdw_document.TestFileTypeValidation" name="test_reject_gif_file" time="0.079" /><testcase classname="backend.tests.test_rdw_document.TestFileTypeValidation" name="test_reject_exe_file" time="0.086" /><testcase classname="backend.tests.test_rdw_document.TestFileSizeValidation" name="test_reject_large_file" time="0.425" /><testcase classname="backend.tests.test_rdw_document.TestDocumentDelete" name="test_delete_document" time="0.179" /><testcase classname="backend.tests.test_rdw_document.TestDocumentDelete" name="test_delete_nonexistent_document" time="0.155" /><testcase classname="backend.tests.test_rdw_document.TestGetLicensePlatesWithDocument" name="test_get_plates_includes_document_fields" time="0.071" /><testcase classname="backend.tests.test_rdw_document.TestDocumentAccess" name="test_document_accessible_after_upload" time="0.264" /><testcase classname="backend.tests.test_rdw_document.TestAuthorizationRequired" name="test_upload_requires_auth" time="0.083" /><testcase classname="backend.tests.test_rdw_document.TestAuthorizationRequired" name="test_delete_requires_auth" time="0.072" /><testcase classname="backend.tests.test_rdw_document.TestInvalidPlateId" name="test_upload_to_nonexistent_plate" time="0.081" /><testcase classname="backend.tests.test_rdw_document.TestInvalidPlateId" name="test_delete_from_nonexistent_plate" time="0.068" /></testsuite></testsuites>