<?xml version="1.0" encoding="utf-8"?><testsuites name="pytest tests"><testsuite name="pytest" errors="0" failures="2" skipped="0" tests="21" time="16.602" timestamp="2026-02-19T15:07:35.134134+00:00" hostname="agent-env-073328de-28d5-4c36-a5d1-0c2af1f997ec"><testcase classname="backend.tests.test_bulk_email.TestBulkEmailEndpoints" name="test_get_available_flyers_requires_admin" time="0.179" /><testcase classname="backend.tests.test_bulk_email.TestBulkEmailEndpoints" name="test_get_available_flyers_success" time="0.566" /><testcase classname="backend.tests.test_bulk_email.TestBulkEmailEndpoints" name="test_get_marketing_lists_requires_admin" time="0.127" /><testcase classname="backend.tests.test_bulk_email.TestBulkEmailEndpoints" name="test_get_marketing_lists_success" time="0.112" /><testcase classname="backend.tests.test_bulk_email.TestBulkEmailEndpoints" name="test_upload_csv_requires_admin" time="0.115" /><testcase classname="backend.tests.test_bulk_email.TestBulkEmailEndpoints" name="test_upload_csv_rejects_non_csv" time="0.101" /><testcase classname="backend.tests.test_bulk_email.TestBulkEmailEndpoints" name="test_upload_csv_success_comma_delimiter" time="0.116" /><testcase classname="backend.tests.test_bulk_email.TestBulkEmailEndpoints" name="test_upload_csv_success_semicolon_delimiter" time="1.085" /><testcase classname="backend.tests.test_bulk_email.TestBulkEmailEndpoints" name="test_upload_csv_no_valid_emails" time="0.101"><failure message="AssertionError: Expected 400, got 520&#10;assert 520 == 400&#10; +  where 520 = &lt;Response [520]&gt;.status_code">backend/tests/test_bulk_email.py:180: in test_upload_csv_no_valid_emails
    assert response.status_code == 400, f"Expected 400, got {response.status_code}"
E   AssertionError: Expected 400, got 520
E   assert 520 == 400
E    +  where 520 = &lt;Response [520]&gt;.status_code</failure></testcase><testcase classname="backend.tests.test_bulk_email.TestBulkEmailEndpoints" name="test_uploaded_csv_appears_in_marketing_lists" time="0.194" /><testcase classname="backend.tests.test_bulk_email.TestBulkEmailEndpoints" name="test_bulk_email_requires_admin" time="0.082" /><testcase classname="backend.tests.test_bulk_email.TestBulkEmailEndpoints" name="test_bulk_email_basic_success" time="1.420" /><testcase classname="backend.tests.test_bulk_email.TestBulkEmailEndpoints" name="test_bulk_email_with_about_us" time="1.555" /><testcase classname="backend.tests.test_bulk_email.TestBulkEmailEndpoints" name="test_bulk_email_with_flyer_attachment" time="2.080" /><testcase classname="backend.tests.test_bulk_email.TestBulkEmailEndpoints" name="test_bulk_email_with_all_options" time="2.087" /><testcase classname="backend.tests.test_bulk_email.TestBulkEmailEndpoints" name="test_bulk_email_multiple_recipients" time="4.437" /><testcase classname="backend.tests.test_bulk_email.TestDealerNotificationLogic" name="test_verify_dutch_dealer_exists" time="0.440" /><testcase classname="backend.tests.test_bulk_email.TestDealerNotificationLogic" name="test_verify_swiss_dealer_exists" time="0.360" /><testcase classname="backend.tests.test_bulk_email.TestDealerNotificationLogic" name="test_get_dealers_endpoint_filters_foreign" time="0.634"><failure message="AssertionError: Expected 200, got 404&#10;assert 404 == 200&#10; +  where 404 = &lt;Response [404]&gt;.status_code">backend/tests/test_bulk_email.py:401: in test_get_dealers_endpoint_filters_foreign
    assert response.status_code == 200, f"Expected 200, got {response.status_code}"
E   AssertionError: Expected 200, got 404
E   assert 404 == 200
E    +  where 404 = &lt;Response [404]&gt;.status_code</failure></testcase><testcase classname="backend.tests.test_bulk_email.TestMarketingListContent" name="test_get_marketing_list_content" time="0.593" /><testcase classname="backend.tests.test_bulk_email.TestMarketingListContent" name="test_get_nonexistent_list_returns_404" time="0.083" /></testsuite></testsuites>