<?xml version="1.0" encoding="utf-8"?><testsuites name="pytest tests"><testsuite name="pytest" errors="0" failures="0" skipped="0" tests="15" time="20.930" timestamp="2026-07-24T09:17:21.363862+00:00" hostname="agent-env-846bd353-cf45-4ac3-9347-173ad6930b9f"><testcase classname="backend.tests.test_motodirect.TestPublicApiHealth" name="test_health_no_auth_returns_401" time="0.144" /><testcase classname="backend.tests.test_motodirect.TestPublicApiHealth" name="test_health_wrong_token_returns_403" time="0.052" /><testcase classname="backend.tests.test_motodirect.TestPublicApiHealth" name="test_health_valid_token_returns_200_status_ok" time="0.151" /><testcase classname="backend.tests.test_motodirect.TestPublicApiHealth" name="test_health_non_bearer_scheme_returns_401" time="0.040" /><testcase classname="backend.tests.test_motodirect.TestPublicApiReserveRelease" name="test_reserve_no_auth_returns_401" time="0.092" /><testcase classname="backend.tests.test_motodirect.TestPublicApiReserveRelease" name="test_reserve_wrong_token_returns_403" time="0.082" /><testcase classname="backend.tests.test_motodirect.TestPublicApiReserveRelease" name="test_release_no_auth_returns_401" time="0.052" /><testcase classname="backend.tests.test_motodirect.TestPublicApiReserveRelease" name="test_release_wrong_token_returns_403" time="0.043" /><testcase classname="backend.tests.test_motodirect.TestPublicApiReserveRelease" name="test_reserve_unknown_motor_returns_404" time="0.045" /><testcase classname="backend.tests.test_motodirect.TestPublicApiReserveRelease" name="test_reserve_release_full_cycle" time="11.890" /><testcase classname="backend.tests.test_motodirect.TestPublicApiReserveRelease" name="test_reserve_empty_body_accepted" time="7.616" /><testcase classname="backend.tests.test_motodirect.TestPublicApiRegressionExistingEndpoints" name="test_catalog_still_public_no_auth" time="0.044" /><testcase classname="backend.tests.test_motodirect.TestPublicApiRegressionExistingEndpoints" name="test_admin_settings_still_works" time="0.308" /><testcase classname="backend.tests.test_motodirect.TestPublicApiRegressionExistingEndpoints" name="test_admin_scrape_marktplaats_still_requires_admin" time="0.085" /><testcase classname="backend.tests.test_motodirect.TestPublicApiRegressionExistingEndpoints" name="test_admin_dealer_reference_price_still_requires_admin" time="0.040" /></testsuite></testsuites>