<?xml version="1.0" encoding="utf-8"?><testsuites name="pytest tests"><testsuite name="pytest" errors="0" failures="0" skipped="0" tests="17" time="13.699" timestamp="2026-07-23T22:50:06.267965+00:00" hostname="agent-env-846bd353-cf45-4ac3-9347-173ad6930b9f"><testcase classname="backend.tests.test_motodirect.TestCancelOrder" name="test_cancel_404_unknown_order" time="0.626" /><testcase classname="backend.tests.test_motodirect.TestCancelOrder" name="test_cancel_pending_order_no_refund" time="0.651" /><testcase classname="backend.tests.test_motodirect.TestCancelOrder" name="test_cancel_paid_order_computes_fee_and_refund" time="4.494" /><testcase classname="backend.tests.test_motodirect.TestCancelOrder" name="test_cancel_paid_with_invalid_payment_intent_still_returns_valid_schema" time="5.205" /><testcase classname="backend.tests.test_motodirect.TestCancelOrder" name="test_cancel_already_cancelled_returns_400" time="0.459" /><testcase classname="backend.tests.test_motodirect.TestCancelOrder" name="test_cancel_foreign_order_returns_404" time="0.681" /><testcase classname="backend.tests.test_motodirect.TestCancelOrder" name="test_cancel_unauthenticated" time="0.033" /><testcase classname="backend.tests.test_motodirect.TestInvoiceAndPakbonPDF" name="test_invoice_deposit_buyer_returns_pdf" time="0.383" /><testcase classname="backend.tests.test_motodirect.TestInvoiceAndPakbonPDF" name="test_invoice_deposit_admin_can_download" time="0.036" /><testcase classname="backend.tests.test_motodirect.TestInvoiceAndPakbonPDF" name="test_invoice_deposit_404_unknown_order" time="0.034" /><testcase classname="backend.tests.test_motodirect.TestInvoiceAndPakbonPDF" name="test_invoice_deposit_403_foreign_buyer" time="0.330" /><testcase classname="backend.tests.test_motodirect.TestInvoiceAndPakbonPDF" name="test_invoice_deposit_unauthenticated" time="0.070" /><testcase classname="backend.tests.test_motodirect.TestInvoiceAndPakbonPDF" name="test_pakbon_buyer_returns_pdf" time="0.038" /><testcase classname="backend.tests.test_motodirect.TestInvoiceAndPakbonPDF" name="test_pakbon_admin_can_download" time="0.034" /><testcase classname="backend.tests.test_motodirect.TestInvoiceAndPakbonPDF" name="test_pakbon_404_unknown_order" time="0.035" /><testcase classname="backend.tests.test_motodirect.TestInvoiceAndPakbonPDF" name="test_pakbon_403_foreign_buyer" time="0.330" /><testcase classname="backend.tests.test_motodirect.TestInvoiceAndPakbonPDF" name="test_pakbon_unauthenticated" time="0.035" /></testsuite></testsuites>