<?xml version="1.0" encoding="utf-8"?><testsuites name="pytest tests"><testsuite name="pytest" errors="0" failures="2" skipped="0" tests="16" time="5.617" timestamp="2026-02-16T08:46:51.885818+00:00" hostname="agent-env-b6fdf47a-7610-483e-b63c-1cd75f13e19e"><testcase classname="backend.tests.test_comprehensive.TestHealthAndBasicEndpoints" name="test_api_root" time="0.229" /><testcase classname="backend.tests.test_comprehensive.TestAuthentication" name="test_admin_login" time="0.304" /><testcase classname="backend.tests.test_comprehensive.TestAuthentication" name="test_dealer_login" time="0.438" /><testcase classname="backend.tests.test_comprehensive.TestAuthentication" name="test_invalid_login" time="0.091" /><testcase classname="backend.tests.test_comprehensive.TestAuthentication" name="test_auth_me_endpoint" time="0.421" /><testcase classname="backend.tests.test_comprehensive.TestMotorcycles" name="test_get_available_motorcycles" time="0.397" /><testcase classname="backend.tests.test_comprehensive.TestMotorcycles" name="test_get_all_motorcycles_admin" time="0.388" /><testcase classname="backend.tests.test_comprehensive.TestMotorcycles" name="test_get_motorcycle_detail" time="0.495" /><testcase classname="backend.tests.test_comprehensive.TestOrders" name="test_get_orders_admin" time="0.422" /><testcase classname="backend.tests.test_comprehensive.TestOrders" name="test_get_orders_dealer" time="0.387" /><testcase classname="backend.tests.test_comprehensive.TestDealers" name="test_get_dealers_admin" time="0.387" /><testcase classname="backend.tests.test_comprehensive.TestDealers" name="test_get_pending_dealers" time="0.401" /><testcase classname="backend.tests.test_comprehensive.TestSupplierRegistration" name="test_supplier_registration_validation" time="0.080" /><testcase classname="backend.tests.test_comprehensive.TestVoucher" name="test_get_my_voucher" time="0.403" /><testcase classname="backend.tests.test_comprehensive.TestPakbon" name="test_get_pakbon_for_order" time="0.603"><failure message="assert 404 == 200&#10; +  where 404 = &lt;Response [404]&gt;.status_code">backend/tests/test_comprehensive.py:291: in test_get_pakbon_for_order
    assert response.status_code == 200
E   assert 404 == 200
E    +  where 404 = &lt;Response [404]&gt;.status_code</failure></testcase><testcase classname="backend.tests.test_comprehensive.TestTermsAndConditions" name="test_accept_terms_requires_auth" time="0.074"><failure message="assert 403 == 401&#10; +  where 403 = &lt;Response [403]&gt;.status_code">backend/tests/test_comprehensive.py:305: in test_accept_terms_requires_auth
    assert response.status_code == 401
E   assert 403 == 401
E    +  where 403 = &lt;Response [403]&gt;.status_code</failure></testcase></testsuite></testsuites>