<?xml version="1.0" encoding="utf-8"?><testsuites name="pytest tests"><testsuite name="pytest" errors="0" failures="0" skipped="0" tests="15" time="7.522" timestamp="2026-02-16T14:26:42.324099+00:00" hostname="agent-env-c653af00-dae0-4399-9de3-8159f722430f"><testcase classname="backend.tests.test_images_parts.TestImageEndpoints" name="test_get_motorcycles_with_images" time="0.620" /><testcase classname="backend.tests.test_images_parts.TestImageEndpoints" name="test_image_endpoint_returns_image_data" time="0.575" /><testcase classname="backend.tests.test_images_parts.TestImageEndpoints" name="test_nonexistent_image_returns_404" time="0.723" /><testcase classname="backend.tests.test_images_parts.TestPartsCategories" name="test_get_categories" time="0.403" /><testcase classname="backend.tests.test_images_parts.TestPartsCategories" name="test_get_brands" time="0.394" /><testcase classname="backend.tests.test_images_parts.TestPartsCategories" name="test_create_category_requires_admin" time="0.447" /><testcase classname="backend.tests.test_images_parts.TestPartsShop" name="test_get_parts_public" time="0.717" /><testcase classname="backend.tests.test_images_parts.TestPartsShop" name="test_get_parts_with_filters" time="0.930" /><testcase classname="backend.tests.test_images_parts.TestPartsShop" name="test_get_all_parts_admin" time="0.732" /><testcase classname="backend.tests.test_images_parts.TestPartsShop" name="test_get_all_parts_requires_admin" time="0.733" /><testcase classname="backend.tests.test_images_parts.TestPartsOrders" name="test_get_my_parts_orders" time="0.425" /><testcase classname="backend.tests.test_images_parts.TestPartsOrders" name="test_parts_order_requires_auth" time="0.455" /><testcase classname="backend.tests.test_images_parts.TestServiceWorker" name="test_service_worker_accessible" time="0.095" /><testcase classname="backend.tests.test_images_parts.TestServiceWorker" name="test_manifest_accessible" time="0.087" /><testcase classname="backend.tests.test_images_parts.TestMobileHeader" name="test_language_endpoint_or_i18n" time="0.115" /></testsuite></testsuites>