<?xml version="1.0" encoding="utf-8"?><testsuites name="pytest tests"><testsuite name="pytest" errors="0" failures="0" skipped="0" tests="8" time="2.002" timestamp="2026-04-11T13:56:03.603280+00:00" hostname="agent-env-846bd353-cf45-4ac3-9347-173ad6930b9f"><testcase classname="backend.tests.test_customer_share.TestCustomerShareEndpoint" name="test_customer_share_endpoint_is_public" time="0.127" /><testcase classname="backend.tests.test_customer_share.TestCustomerShareEndpoint" name="test_customer_share_returns_motorcycle_data" time="0.085" /><testcase classname="backend.tests.test_customer_share.TestCustomerShareEndpoint" name="test_customer_share_includes_specs" time="0.103" /><testcase classname="backend.tests.test_customer_share.TestCustomerShareEndpoint" name="test_customer_share_excludes_price_fields" time="0.092" /><testcase classname="backend.tests.test_customer_share.TestCustomerShareEndpoint" name="test_customer_share_excludes_internal_fields" time="0.081" /><testcase classname="backend.tests.test_customer_share.TestCustomerShareEndpoint" name="test_customer_share_404_for_nonexistent_motor" time="0.087" /><testcase classname="backend.tests.test_customer_share.TestCustomerShareEndpoint" name="test_customer_share_with_real_motor_from_list" time="0.931" /><testcase classname="backend.tests.test_customer_share.TestCustomerShareCompareWithAuthEndpoint" name="test_compare_customer_share_vs_authenticated" time="0.432" /></testsuite></testsuites>