<?xml version="1.0" encoding="utf-8"?><testsuites name="pytest tests"><testsuite name="pytest" errors="0" failures="0" skipped="0" tests="53" time="7.533" timestamp="2026-07-23T22:07:39.957055+00:00" hostname="agent-env-846bd353-cf45-4ac3-9347-173ad6930b9f"><testcase classname="backend.tests.test_motodirect.TestCatalog" name="test_catalog_list" time="0.249" /><testcase classname="backend.tests.test_motodirect.TestCatalog" name="test_catalog_brand_filter" time="0.035" /><testcase classname="backend.tests.test_motodirect.TestCatalog" name="test_catalog_price_filter" time="0.149" /><testcase classname="backend.tests.test_motodirect.TestCatalog" name="test_catalog_sort" time="0.038" /><testcase classname="backend.tests.test_motodirect.TestCatalog" name="test_catalog_detail_and_deposit" time="0.107" /><testcase classname="backend.tests.test_motodirect.TestCatalog" name="test_catalog_detail_not_found" time="0.034" /><testcase classname="backend.tests.test_motodirect.TestRegister" name="test_register_success" time="0.296" /><testcase classname="backend.tests.test_motodirect.TestRegister" name="test_register_duplicate_email" time="0.075" /><testcase classname="backend.tests.test_motodirect.TestRegister" name="test_register_invalid_bsn" time="0.032" /><testcase classname="backend.tests.test_motodirect.TestRegister" name="test_register_missing_fields" time="0.072" /><testcase classname="backend.tests.test_motodirect.TestRegister" name="test_register_short_password" time="0.030" /><testcase classname="backend.tests.test_motodirect.TestLogin" name="test_login_success" time="0.257" /><testcase classname="backend.tests.test_motodirect.TestLogin" name="test_login_wrong_password" time="0.293" /><testcase classname="backend.tests.test_motodirect.TestLogin" name="test_login_unknown_email" time="0.034" /><testcase classname="backend.tests.test_motodirect.TestBuyerProfile" name="test_me_authenticated" time="0.034" /><testcase classname="backend.tests.test_motodirect.TestBuyerProfile" name="test_me_unauthenticated" time="0.031" /><testcase classname="backend.tests.test_motodirect.TestBuyerProfile" name="test_my_orders_authenticated_empty" time="0.073" /><testcase classname="backend.tests.test_motodirect.TestBuyerProfile" name="test_my_orders_unauthenticated" time="0.072" /><testcase classname="backend.tests.test_motodirect.TestAdminEndpoints" name="test_admin_orders" time="0.296" /><testcase classname="backend.tests.test_motodirect.TestAdminEndpoints" name="test_admin_customers" time="0.035" /><testcase classname="backend.tests.test_motodirect.TestAdminEndpoints" name="test_admin_orders_requires_admin" time="0.076" /><testcase classname="backend.tests.test_motodirect.TestAdminEndpoints" name="test_admin_customers_requires_admin" time="0.076" /><testcase classname="backend.tests.test_motodirect.TestAdminEndpoints" name="test_admin_orders_unauthenticated" time="0.073" /><testcase classname="backend.tests.test_motodirect.TestRoleIsolation" name="test_admin_cannot_use_motodirect_me" time="0.073" /><testcase classname="backend.tests.test_motodirect.TestAdminSettings" name="test_get_settings_admin" time="0.039" /><testcase classname="backend.tests.test_motodirect.TestAdminSettings" name="test_get_settings_forbidden_for_buyer" time="0.033" /><testcase classname="backend.tests.test_motodirect.TestAdminSettings" name="test_get_settings_forbidden_unauth" time="0.033" /><testcase classname="backend.tests.test_motodirect.TestAdminSettings" name="test_put_settings_negative_rejected" time="0.035" /><testcase classname="backend.tests.test_motodirect.TestAdminSettings" name="test_put_settings_non_numeric_rejected" time="0.036" /><testcase classname="backend.tests.test_motodirect.TestAdminSettings" name="test_put_settings_forbidden_for_buyer" time="0.076" /><testcase classname="backend.tests.test_motodirect.TestMarkupAppliedToCatalog" name="test_default_markup_500_applied" time="0.144" /><testcase classname="backend.tests.test_motodirect.TestMarkupAppliedToCatalog" name="test_update_markup_750_reflected_immediately" time="0.180" /><testcase classname="backend.tests.test_motodirect.TestMarkupAppliedToCatalog" name="test_update_markup_zero_edge_case" time="0.107" /><testcase classname="backend.tests.test_motodirect.TestMarkupAppliedToCatalog" name="test_reset_markup_to_500" time="0.110" /><testcase classname="backend.tests.test_motodirect.TestCatalogDetailFees" name="test_detail_returns_fees" time="0.106" /><testcase classname="backend.tests.test_motodirect.TestCheckoutKeuringChoice" name="test_motodirect_plus_taxatie" time="0.701" /><testcase classname="backend.tests.test_motodirect.TestCheckoutKeuringChoice" name="test_self_no_taxatie" time="0.449" /><testcase classname="backend.tests.test_motodirect.TestCheckoutKeuringChoice" name="test_self_with_taxatie" time="0.446" /><testcase classname="backend.tests.test_motodirect.TestCheckoutKeuringChoice" name="test_default_keuring_choice_is_motodirect" time="0.475" /><testcase classname="backend.tests.test_motodirect.TestCheckoutKeuringChoice" name="test_invalid_keuring_choice_falls_back_to_motodirect" time="0.470" /><testcase classname="backend.tests.test_motodirect.TestCheckoutKeuringChoice" name="test_order_has_all_required_fields" time="0.427" /><testcase classname="backend.tests.test_motodirect.TestDealerMultiplierSavings" name="test_settings_include_dealer_multiplier" time="0.114" /><testcase classname="backend.tests.test_motodirect.TestDealerMultiplierSavings" name="test_catalog_items_have_savings_fields" time="0.071" /><testcase classname="backend.tests.test_motodirect.TestDealerMultiplierSavings" name="test_dealer_reference_price_formula" time="0.067" /><testcase classname="backend.tests.test_motodirect.TestDealerMultiplierSavings" name="test_detail_has_savings_fields" time="0.098" /><testcase classname="backend.tests.test_motodirect.TestDealerMultiplierSavings" name="test_update_multiplier_reflects_in_catalog" time="0.224" /><testcase classname="backend.tests.test_motodirect.TestDealerMultiplierSavings" name="test_multiplier_below_1_rejected" time="0.037" /><testcase classname="backend.tests.test_motodirect.TestDealerMultiplierSavings" name="test_multiplier_above_3_rejected" time="0.038" /><testcase classname="backend.tests.test_motodirect.TestDealerMultiplierSavings" name="test_multiplier_non_numeric_rejected" time="0.035" /><testcase classname="backend.tests.test_motodirect.TestDealerMultiplierSavings" name="test_put_markup_only_backward_compat" time="0.038" /><testcase classname="backend.tests.test_motodirect.TestDealerMultiplierSavings" name="test_put_multiplier_only" time="0.072" /><testcase classname="backend.tests.test_motodirect.TestDealerMultiplierSavings" name="test_multiplier_forbidden_for_buyer" time="0.081" /><testcase classname="backend.tests.test_motodirect.TestDealerMultiplierSavings" name="test_reset_multiplier_final" time="0.114" /></testsuite></testsuites>