<?xml version="1.0" encoding="utf-8"?><testsuites name="pytest tests"><testsuite name="pytest" errors="0" failures="0" skipped="3" tests="8" time="2.738" timestamp="2026-02-18T19:23:07.975278+00:00" hostname="agent-env-06464fde-c5ee-4048-a959-c767ce6f670c"><testcase classname="backend.tests.test_delete_order.TestDeleteOrder" name="test_dealer_login_success" time="0.484" /><testcase classname="backend.tests.test_delete_order.TestDeleteOrder" name="test_get_dealer_orders" time="0.620" /><testcase classname="backend.tests.test_delete_order.TestDeleteOrder" name="test_delete_order_requires_auth" time="0.104" /><testcase classname="backend.tests.test_delete_order.TestDeleteOrder" name="test_delete_nonexistent_order_returns_404" time="0.079" /><testcase classname="backend.tests.test_delete_order.TestDeleteOrder" name="test_create_and_delete_order_flow" time="0.281"><skipped type="pytest.skip" message="Could not create test order - motorcycle may already be ordered">/app/backend/tests/test_delete_order.py:127: Could not create test order - motorcycle may already be ordered</skipped></testcase><testcase classname="backend.tests.test_delete_order.TestDeleteOrder" name="test_dealer_cannot_delete_other_dealers_order" time="0.391"><skipped type="pytest.skip" message="Could not get admin orders">/app/backend/tests/test_delete_order.py:185: Could not get admin orders</skipped></testcase><testcase classname="backend.tests.test_delete_order.TestDeleteOrder" name="test_admin_can_delete_any_order" time="0.210"><skipped type="pytest.skip" message="Could not create test order for admin delete test">/app/backend/tests/test_delete_order.py:242: Could not create test order for admin delete test</skipped></testcase><testcase classname="backend.tests.test_delete_order.TestDeleteOrderEndpointDetails" name="test_delete_returns_success_message" time="0.495" /></testsuite></testsuites>