<?xml version="1.0" encoding="utf-8"?><testsuites name="pytest tests"><testsuite name="pytest" errors="0" failures="0" skipped="0" tests="9" time="25.021" timestamp="2026-04-21T14:22:38.312456+00:00" hostname="agent-env-846bd353-cf45-4ac3-9347-173ad6930b9f"><testcase classname="backend.tests.test_coc_cvo" name="test_buy_now_with_coc_supported_brand[Yamaha-75.0]" time="5.546" /><testcase classname="backend.tests.test_coc_cvo" name="test_buy_now_with_coc_supported_brand[Kawasaki-75.0]" time="3.362" /><testcase classname="backend.tests.test_coc_cvo" name="test_buy_now_with_coc_supported_brand[Triumph-120.0]" time="3.606" /><testcase classname="backend.tests.test_coc_cvo" name="test_buy_now_with_coc_supported_brand[KTM-75.0]" time="5.436" /><testcase classname="backend.tests.test_coc_cvo" name="test_buy_now_with_coc_supported_brand[Honda-150.0]" time="3.092" /><testcase classname="backend.tests.test_coc_cvo" name="test_buy_now_with_coc_unsupported_brand_400[Suzuki]" time="0.357" /><testcase classname="backend.tests.test_coc_cvo" name="test_buy_now_with_coc_unsupported_brand_400[BMW]" time="0.371" /><testcase classname="backend.tests.test_coc_cvo" name="test_buy_now_with_coc_unsupported_brand_400[Ducati]" time="0.403" /><testcase classname="backend.tests.test_coc_cvo" name="test_buy_now_without_coc_supported_brand" time="2.784" /></testsuite></testsuites>