<?xml version="1.0" encoding="utf-8"?><testsuites name="pytest tests"><testsuite name="pytest" errors="0" failures="0" skipped="0" tests="11" time="6.913" timestamp="2026-04-12T19:04:32.615008+00:00" hostname="agent-env-846bd353-cf45-4ac3-9347-173ad6930b9f"><testcase classname="backend.tests.test_admin_order_for_dealer.TestAdminOrderForDealer" name="test_get_approved_dealers_success" time="0.673" /><testcase classname="backend.tests.test_admin_order_for_dealer.TestAdminOrderForDealer" name="test_get_approved_dealers_has_required_fields" time="0.398" /><testcase classname="backend.tests.test_admin_order_for_dealer.TestAdminOrderForDealer" name="test_get_approved_dealers_requires_admin_auth" time="0.465" /><testcase classname="backend.tests.test_admin_order_for_dealer.TestAdminOrderForDealer" name="test_order_for_dealer_success" time="1.261" /><testcase classname="backend.tests.test_admin_order_for_dealer.TestAdminOrderForDealer" name="test_order_for_dealer_marks_motorcycle_unavailable" time="1.255" /><testcase classname="backend.tests.test_admin_order_for_dealer.TestAdminOrderForDealer" name="test_order_for_dealer_404_nonexistent_dealer" time="0.378" /><testcase classname="backend.tests.test_admin_order_for_dealer.TestAdminOrderForDealer" name="test_order_for_dealer_404_nonexistent_motorcycle" time="0.545" /><testcase classname="backend.tests.test_admin_order_for_dealer.TestAdminOrderForDealer" name="test_order_for_dealer_400_unavailable_motorcycle" time="0.548" /><testcase classname="backend.tests.test_admin_order_for_dealer.TestAdminOrderForDealer" name="test_order_for_dealer_requires_admin_auth" time="0.481" /><testcase classname="backend.tests.test_admin_order_for_dealer.TestAdminOrderForDealer" name="test_order_for_dealer_dealer_gets_403" time="0.451" /><testcase classname="backend.tests.test_admin_order_for_dealer.TestMotorcycleAvailabilityReset" name="test_reset_motorcycle_availability" time="0.389" /></testsuite></testsuites>