<?xml version="1.0" encoding="utf-8"?><testsuites name="pytest tests"><testsuite name="pytest" errors="0" failures="0" skipped="0" tests="11" time="4.721" timestamp="2026-03-13T17:25:31.441755+00:00" hostname="agent-env-2b6533ff-5188-4ff2-b925-3e8b086ec492"><testcase classname="backend.tests.test_pakbon_role.TestPakbonLogin" name="test_pakbon_user_can_login" time="0.391" /><testcase classname="backend.tests.test_pakbon_role.TestPakbonLogin" name="test_pakbon_login_returns_token" time="0.321" /><testcase classname="backend.tests.test_pakbon_role.TestPakbonOrdersAccess" name="test_pakbon_can_access_orders" time="0.532" /><testcase classname="backend.tests.test_pakbon_role.TestPakbonOrdersAccess" name="test_pakbon_sees_all_orders_like_admin" time="0.869" /><testcase classname="backend.tests.test_pakbon_role.TestPakbonOrdersAccess" name="test_orders_have_required_fields" time="0.425" /><testcase classname="backend.tests.test_pakbon_role.TestPakbonAccessRestrictions" name="test_pakbon_cannot_access_admin_dealers" time="0.429" /><testcase classname="backend.tests.test_pakbon_role.TestPakbonAccessRestrictions" name="test_pakbon_cannot_create_motorcycles" time="0.390" /><testcase classname="backend.tests.test_pakbon_role.TestPakbonAccessRestrictions" name="test_pakbon_cannot_delete_motorcycles" time="0.391" /><testcase classname="backend.tests.test_pakbon_role.TestPakbonAccessRestrictions" name="test_pakbon_cannot_access_parts_management" time="0.408" /><testcase classname="backend.tests.test_pakbon_role.TestPakbonMeEndpoint" name="test_me_returns_pakbon_role" time="0.402" /><testcase classname="backend.tests.test_pakbon_role.TestHealthCheck" name="test_api_health" time="0.088" /></testsuite></testsuites>