<?xml version="1.0" encoding="utf-8"?><testsuites name="pytest tests"><testsuite name="pytest" errors="0" failures="0" skipped="0" tests="38" time="5.566" timestamp="2026-07-23T21:39:01.604535+00:00" hostname="agent-env-846bd353-cf45-4ac3-9347-173ad6930b9f"><testcase classname="backend.tests.test_motodirect.TestCatalog" name="test_catalog_list" time="0.271" /><testcase classname="backend.tests.test_motodirect.TestCatalog" name="test_catalog_brand_filter" time="0.041" /><testcase classname="backend.tests.test_motodirect.TestCatalog" name="test_catalog_price_filter" time="0.150" /><testcase classname="backend.tests.test_motodirect.TestCatalog" name="test_catalog_sort" time="0.056" /><testcase classname="backend.tests.test_motodirect.TestCatalog" name="test_catalog_detail_and_deposit" time="0.078" /><testcase classname="backend.tests.test_motodirect.TestCatalog" name="test_catalog_detail_not_found" time="0.036" /><testcase classname="backend.tests.test_motodirect.TestRegister" name="test_register_success" time="0.302" /><testcase classname="backend.tests.test_motodirect.TestRegister" name="test_register_duplicate_email" time="0.076" /><testcase classname="backend.tests.test_motodirect.TestRegister" name="test_register_invalid_bsn" time="0.037" /><testcase classname="backend.tests.test_motodirect.TestRegister" name="test_register_missing_fields" time="0.034" /><testcase classname="backend.tests.test_motodirect.TestRegister" name="test_register_short_password" time="0.034" /><testcase classname="backend.tests.test_motodirect.TestLogin" name="test_login_success" time="0.301" /><testcase classname="backend.tests.test_motodirect.TestLogin" name="test_login_wrong_password" time="0.298" /><testcase classname="backend.tests.test_motodirect.TestLogin" name="test_login_unknown_email" time="0.035" /><testcase classname="backend.tests.test_motodirect.TestBuyerProfile" name="test_me_authenticated" time="0.038" /><testcase classname="backend.tests.test_motodirect.TestBuyerProfile" name="test_me_unauthenticated" time="0.077" /><testcase classname="backend.tests.test_motodirect.TestBuyerProfile" name="test_my_orders_authenticated_empty" time="0.076" /><testcase classname="backend.tests.test_motodirect.TestBuyerProfile" name="test_my_orders_unauthenticated" time="0.038" /><testcase classname="backend.tests.test_motodirect.TestAdminEndpoints" name="test_admin_orders" time="0.293" /><testcase classname="backend.tests.test_motodirect.TestAdminEndpoints" name="test_admin_customers" time="0.042" /><testcase classname="backend.tests.test_motodirect.TestAdminEndpoints" name="test_admin_orders_requires_admin" time="0.078" /><testcase classname="backend.tests.test_motodirect.TestAdminEndpoints" name="test_admin_customers_requires_admin" time="0.038" /><testcase classname="backend.tests.test_motodirect.TestAdminEndpoints" name="test_admin_orders_unauthenticated" time="0.041" /><testcase classname="backend.tests.test_motodirect.TestRoleIsolation" name="test_admin_cannot_use_motodirect_me" time="0.080" /><testcase classname="backend.tests.test_motodirect.TestAdminSettings" name="test_get_settings_admin" time="0.042" /><testcase classname="backend.tests.test_motodirect.TestAdminSettings" name="test_get_settings_forbidden_for_buyer" time="0.057" /><testcase classname="backend.tests.test_motodirect.TestAdminSettings" name="test_get_settings_forbidden_unauth" time="0.041" /><testcase classname="backend.tests.test_motodirect.TestAdminSettings" name="test_put_settings_negative_rejected" time="0.041" /><testcase classname="backend.tests.test_motodirect.TestAdminSettings" name="test_put_settings_non_numeric_rejected" time="0.044" /><testcase classname="backend.tests.test_motodirect.TestAdminSettings" name="test_put_settings_forbidden_for_buyer" time="0.080" /><testcase classname="backend.tests.test_motodirect.TestMarkupAppliedToCatalog" name="test_default_markup_500_applied" time="0.197" /><testcase classname="backend.tests.test_motodirect.TestMarkupAppliedToCatalog" name="test_update_markup_750_reflected_immediately" time="0.116" /><testcase classname="backend.tests.test_motodirect.TestMarkupAppliedToCatalog" name="test_update_markup_zero_edge_case" time="0.155" /><testcase classname="backend.tests.test_motodirect.TestMarkupAppliedToCatalog" name="test_reset_markup_to_500" time="0.122" /><testcase classname="backend.tests.test_motodirect.TestCheckoutInspectionChoice" name="test_checkout_with_motoimport" time="0.703" /><testcase classname="backend.tests.test_motodirect.TestCheckoutInspectionChoice" name="test_checkout_with_motodirect" time="0.453" /><testcase classname="backend.tests.test_motodirect.TestCheckoutInspectionChoice" name="test_checkout_default_inspection_choice" time="0.451" /><testcase classname="backend.tests.test_motodirect.TestCheckoutInspectionChoice" name="test_checkout_invalid_choice_falls_back" time="0.407" /></testsuite></testsuites>