<?xml version="1.0" encoding="utf-8"?><testsuites name="pytest tests"><testsuite name="pytest" errors="0" failures="0" skipped="0" tests="10" time="6.601" timestamp="2026-03-13T16:07:20.911196+00:00" hostname="agent-env-2b6533ff-5188-4ff2-b925-3e8b086ec492"><testcase classname="tests.test_bmw_models_and_license_plates.TestLicensePlatesAPI" name="test_dealer_login_success" time="0.824" /><testcase classname="tests.test_bmw_models_and_license_plates.TestLicensePlatesAPI" name="test_admin_login_success" time="0.683" /><testcase classname="tests.test_bmw_models_and_license_plates.TestLicensePlatesAPI" name="test_get_my_license_plates_endpoint" time="0.533" /><testcase classname="tests.test_bmw_models_and_license_plates.TestLicensePlatesAPI" name="test_license_plates_have_document_fields" time="0.427" /><testcase classname="tests.test_bmw_models_and_license_plates.TestLicensePlatesAPI" name="test_document_url_format" time="0.414" /><testcase classname="tests.test_bmw_models_and_license_plates.TestLicensePlatesAPI" name="test_license_plate_ef_456_gh_exists" time="0.725" /><testcase classname="tests.test_bmw_models_and_license_plates.TestLicensePlatesAPI" name="test_admin_can_view_all_license_plates" time="0.412" /><testcase classname="tests.test_bmw_models_and_license_plates.TestMotorcycleBMWModels" name="test_api_health" time="0.411" /><testcase classname="tests.test_bmw_models_and_license_plates.TestMotorcycleBMWModels" name="test_motorcycles_endpoint_requires_auth" time="0.416" /><testcase classname="tests.test_bmw_models_and_license_plates.TestMotorcycleBMWModels" name="test_motorcycles_endpoint_works_with_auth" time="1.699" /></testsuite></testsuites>