<?xml version="1.0" encoding="utf-8"?><testsuites name="pytest tests"><testsuite name="pytest" errors="0" failures="0" skipped="0" tests="88" time="18.251" timestamp="2026-07-23T22:50:26.733042+00:00" hostname="agent-env-846bd353-cf45-4ac3-9347-173ad6930b9f"><testcase classname="backend.tests.test_motodirect.TestCatalog" name="test_catalog_list" time="0.112" /><testcase classname="backend.tests.test_motodirect.TestCatalog" name="test_catalog_brand_filter" time="0.037" /><testcase classname="backend.tests.test_motodirect.TestCatalog" name="test_catalog_price_filter" time="0.037" /><testcase classname="backend.tests.test_motodirect.TestCatalog" name="test_catalog_sort" time="0.036" /><testcase classname="backend.tests.test_motodirect.TestCatalog" name="test_catalog_detail_and_deposit" time="0.068" /><testcase classname="backend.tests.test_motodirect.TestCatalog" name="test_catalog_detail_not_found" time="0.032" /><testcase classname="backend.tests.test_motodirect.TestRegister" name="test_register_success" time="0.256" /><testcase classname="backend.tests.test_motodirect.TestRegister" name="test_register_duplicate_email" time="0.075" /><testcase classname="backend.tests.test_motodirect.TestRegister" name="test_register_invalid_bsn" time="0.030" /><testcase classname="backend.tests.test_motodirect.TestRegister" name="test_register_missing_fields" time="0.030" /><testcase classname="backend.tests.test_motodirect.TestRegister" name="test_register_short_password" time="0.030" /><testcase classname="backend.tests.test_motodirect.TestLogin" name="test_login_success" time="0.296" /><testcase classname="backend.tests.test_motodirect.TestLogin" name="test_login_wrong_password" time="0.254" /><testcase classname="backend.tests.test_motodirect.TestLogin" name="test_login_unknown_email" time="0.031" /><testcase classname="backend.tests.test_motodirect.TestBuyerProfile" name="test_me_authenticated" time="0.068" /><testcase classname="backend.tests.test_motodirect.TestBuyerProfile" name="test_me_unauthenticated" time="0.071" /><testcase classname="backend.tests.test_motodirect.TestBuyerProfile" name="test_my_orders_authenticated_empty" time="0.033" /><testcase classname="backend.tests.test_motodirect.TestBuyerProfile" name="test_my_orders_unauthenticated" time="0.072" /><testcase classname="backend.tests.test_motodirect.TestAdminEndpoints" name="test_admin_orders" time="0.290" /><testcase classname="backend.tests.test_motodirect.TestAdminEndpoints" name="test_admin_customers" time="0.033" /><testcase classname="backend.tests.test_motodirect.TestAdminEndpoints" name="test_admin_orders_requires_admin" time="0.031" /><testcase classname="backend.tests.test_motodirect.TestAdminEndpoints" name="test_admin_customers_requires_admin" time="0.072" /><testcase classname="backend.tests.test_motodirect.TestAdminEndpoints" name="test_admin_orders_unauthenticated" time="0.031" /><testcase classname="backend.tests.test_motodirect.TestRoleIsolation" name="test_admin_cannot_use_motodirect_me" time="0.075" /><testcase classname="backend.tests.test_motodirect.TestAdminSettings" name="test_get_settings_admin" time="0.034" /><testcase classname="backend.tests.test_motodirect.TestAdminSettings" name="test_get_settings_forbidden_for_buyer" time="0.030" /><testcase classname="backend.tests.test_motodirect.TestAdminSettings" name="test_get_settings_forbidden_unauth" time="0.071" /><testcase classname="backend.tests.test_motodirect.TestAdminSettings" name="test_put_settings_negative_rejected" time="0.038" /><testcase classname="backend.tests.test_motodirect.TestAdminSettings" name="test_put_settings_non_numeric_rejected" time="0.032" /><testcase classname="backend.tests.test_motodirect.TestAdminSettings" name="test_put_settings_forbidden_for_buyer" time="0.030" /><testcase classname="backend.tests.test_motodirect.TestMarkupAppliedToCatalog" name="test_default_markup_500_applied" time="0.138" /><testcase classname="backend.tests.test_motodirect.TestMarkupAppliedToCatalog" name="test_update_markup_750_reflected_immediately" time="0.097" /><testcase classname="backend.tests.test_motodirect.TestMarkupAppliedToCatalog" name="test_update_markup_zero_edge_case" time="0.106" /><testcase classname="backend.tests.test_motodirect.TestMarkupAppliedToCatalog" name="test_reset_markup_to_500" time="0.065" /><testcase classname="backend.tests.test_motodirect.TestCatalogDetailFees" name="test_detail_returns_fees" time="0.105" /><testcase classname="backend.tests.test_motodirect.TestCheckoutKeuringChoice" name="test_motodirect_plus_taxatie" time="0.492" /><testcase classname="backend.tests.test_motodirect.TestCheckoutKeuringChoice" name="test_self_no_taxatie" time="0.414" /><testcase classname="backend.tests.test_motodirect.TestCheckoutKeuringChoice" name="test_self_with_taxatie" time="0.383" /><testcase classname="backend.tests.test_motodirect.TestCheckoutKeuringChoice" name="test_default_keuring_choice_is_motodirect" time="0.428" /><testcase classname="backend.tests.test_motodirect.TestCheckoutKeuringChoice" name="test_invalid_keuring_choice_falls_back_to_motodirect" time="0.484" /><testcase classname="backend.tests.test_motodirect.TestCheckoutKeuringChoice" name="test_order_has_all_required_fields" time="0.484" /><testcase classname="backend.tests.test_motodirect.TestDealerMultiplierSavings" name="test_settings_include_dealer_multiplier" time="0.105" /><testcase classname="backend.tests.test_motodirect.TestDealerMultiplierSavings" name="test_catalog_items_have_savings_fields" time="0.105" /><testcase classname="backend.tests.test_motodirect.TestDealerMultiplierSavings" name="test_dealer_reference_price_formula" time="0.070" /><testcase classname="backend.tests.test_motodirect.TestDealerMultiplierSavings" name="test_detail_has_savings_fields" time="0.137" /><testcase classname="backend.tests.test_motodirect.TestDealerMultiplierSavings" name="test_update_multiplier_reflects_in_catalog" time="0.174" /><testcase classname="backend.tests.test_motodirect.TestDealerMultiplierSavings" name="test_multiplier_below_1_rejected" time="0.072" /><testcase classname="backend.tests.test_motodirect.TestDealerMultiplierSavings" name="test_multiplier_above_3_rejected" time="0.031" /><testcase classname="backend.tests.test_motodirect.TestDealerMultiplierSavings" name="test_multiplier_non_numeric_rejected" time="0.073" /><testcase classname="backend.tests.test_motodirect.TestDealerMultiplierSavings" name="test_put_markup_only_backward_compat" time="0.033" /><testcase classname="backend.tests.test_motodirect.TestDealerMultiplierSavings" name="test_put_multiplier_only" time="0.147" /><testcase classname="backend.tests.test_motodirect.TestDealerMultiplierSavings" name="test_multiplier_forbidden_for_buyer" time="0.032" /><testcase classname="backend.tests.test_motodirect.TestDealerMultiplierSavings" name="test_reset_multiplier_final" time="0.106" /><testcase classname="backend.tests.test_motodirect.TestManualDealerReferencePrice" name="test_set_manual_value_persists_and_overrides_formula" time="0.180" /><testcase classname="backend.tests.test_motodirect.TestManualDealerReferencePrice" name="test_clear_manual_value_falls_back_to_formula" time="0.134" /><testcase classname="backend.tests.test_motodirect.TestManualDealerReferencePrice" name="test_negative_value_rejected" time="0.033" /><testcase classname="backend.tests.test_motodirect.TestManualDealerReferencePrice" name="test_zero_value_rejected" time="0.034" /><testcase classname="backend.tests.test_motodirect.TestManualDealerReferencePrice" name="test_non_numeric_value_rejected" time="0.031" /><testcase classname="backend.tests.test_motodirect.TestManualDealerReferencePrice" name="test_unknown_motor_returns_404" time="0.074" /><testcase classname="backend.tests.test_motodirect.TestManualDealerReferencePrice" name="test_forbidden_for_buyer" time="0.034" /><testcase classname="backend.tests.test_motodirect.TestManualDealerReferencePrice" name="test_unauthenticated_rejected" time="0.071" /><testcase classname="backend.tests.test_motodirect.TestManualDealerReferencePrice" name="test_cleanup_ensure_no_manual_override" time="0.032" /><testcase classname="backend.tests.test_motodirect.TestMarktplaatsScraper" name="test_scrape_missing_brand_400" time="0.031" /><testcase classname="backend.tests.test_motodirect.TestMarktplaatsScraper" name="test_scrape_missing_model_400" time="0.032" /><testcase classname="backend.tests.test_motodirect.TestMarktplaatsScraper" name="test_scrape_empty_body_400" time="0.073" /><testcase classname="backend.tests.test_motodirect.TestMarktplaatsScraper" name="test_scrape_forbidden_for_buyer" time="0.038" /><testcase classname="backend.tests.test_motodirect.TestMarktplaatsScraper" name="test_scrape_unauthenticated" time="0.030" /><testcase classname="backend.tests.test_motodirect.TestMarktplaatsScraper" name="test_scrape_yamaha_tracer9_returns_results" time="0.359" /><testcase classname="backend.tests.test_motodirect.TestMarktplaatsScraper" name="test_scrape_unknown_model_returns_count_zero_no_crash" time="0.189" /><testcase classname="backend.tests.test_motodirect.TestMarktplaatsScraper" name="test_scrape_filters_parts_out" time="0.388" /><testcase classname="backend.tests.test_motodirect.TestIter40Regression" name="test_catalog_still_has_savings_after_iter40" time="0.034" /><testcase classname="backend.tests.test_motodirect.TestCancelOrder" name="test_cancel_404_unknown_order" time="0.074" /><testcase classname="backend.tests.test_motodirect.TestCancelOrder" name="test_cancel_pending_order_no_refund" time="0.480" /><testcase classname="backend.tests.test_motodirect.TestCancelOrder" name="test_cancel_paid_order_computes_fee_and_refund" time="4.027" /><testcase classname="backend.tests.test_motodirect.TestCancelOrder" name="test_cancel_paid_with_invalid_payment_intent_still_returns_valid_schema" time="3.149" /><testcase classname="backend.tests.test_motodirect.TestCancelOrder" name="test_cancel_already_cancelled_returns_400" time="0.582" /><testcase classname="backend.tests.test_motodirect.TestCancelOrder" name="test_cancel_foreign_order_returns_404" time="0.338" /><testcase classname="backend.tests.test_motodirect.TestCancelOrder" name="test_cancel_unauthenticated" time="0.073" /><testcase classname="backend.tests.test_motodirect.TestInvoiceAndPakbonPDF" name="test_invoice_deposit_buyer_returns_pdf" time="0.074" /><testcase classname="backend.tests.test_motodirect.TestInvoiceAndPakbonPDF" name="test_invoice_deposit_admin_can_download" time="0.037" /><testcase classname="backend.tests.test_motodirect.TestInvoiceAndPakbonPDF" name="test_invoice_deposit_404_unknown_order" time="0.035" /><testcase classname="backend.tests.test_motodirect.TestInvoiceAndPakbonPDF" name="test_invoice_deposit_403_foreign_buyer" time="0.290" /><testcase classname="backend.tests.test_motodirect.TestInvoiceAndPakbonPDF" name="test_invoice_deposit_unauthenticated" time="0.034" /><testcase classname="backend.tests.test_motodirect.TestInvoiceAndPakbonPDF" name="test_pakbon_buyer_returns_pdf" time="0.037" /><testcase classname="backend.tests.test_motodirect.TestInvoiceAndPakbonPDF" name="test_pakbon_admin_can_download" time="0.038" /><testcase classname="backend.tests.test_motodirect.TestInvoiceAndPakbonPDF" name="test_pakbon_404_unknown_order" time="0.034" /><testcase classname="backend.tests.test_motodirect.TestInvoiceAndPakbonPDF" name="test_pakbon_403_foreign_buyer" time="0.327" /><testcase classname="backend.tests.test_motodirect.TestInvoiceAndPakbonPDF" name="test_pakbon_unauthenticated" time="0.036" /></testsuite></testsuites>