<?xml version="1.0" encoding="utf-8"?><testsuites name="pytest tests"><testsuite name="pytest" errors="0" failures="0" skipped="0" tests="8" time="3.440" timestamp="2026-02-15T09:37:04.479190+00:00" hostname="agent-env-27595f27-a3f6-45da-8e05-104bffbc84bd"><testcase classname="backend.tests.test_bug_fixes.TestAuthAndLogin" name="test_dealer_login_returns_is_approved_status" time="0.645" /><testcase classname="backend.tests.test_bug_fixes.TestAuthAndLogin" name="test_admin_login_success" time="0.372" /><testcase classname="backend.tests.test_bug_fixes.TestAuthAndLogin" name="test_auth_me_endpoint_returns_fresh_data" time="0.443" /><testcase classname="backend.tests.test_bug_fixes.TestOrdersAPI" name="test_orders_list_returns_data" time="0.426" /><testcase classname="backend.tests.test_bug_fixes.TestOrdersAPI" name="test_specific_test_order_exists" time="0.436" /><testcase classname="backend.tests.test_bug_fixes.TestMotorcyclesAPI" name="test_available_motorcycles_for_approved_dealer" time="0.576" /><testcase classname="backend.tests.test_bug_fixes.TestAPITimeout" name="test_api_responds_within_timeout" time="0.384" /><testcase classname="backend.tests.test_bug_fixes.TestAPITimeout" name="test_invalid_login_returns_error_not_timeout" time="0.085" /></testsuite></testsuites>