<?xml version="1.0" encoding="utf-8"?><testsuites name="pytest tests"><testsuite name="pytest" errors="0" failures="0" skipped="0" tests="11" time="6.677" timestamp="2026-05-15T13:20:12.748388+00:00" hostname="agent-env-846bd353-cf45-4ac3-9347-173ad6930b9f"><testcase classname="backend.tests.test_customer_default_fees.TestCustomerDefaultFees" name="test_list_customers_returns_default_taxatie_fee_field" time="0.678" /><testcase classname="backend.tests.test_customer_default_fees.TestCustomerDefaultFees" name="test_create_customer_with_default_taxatie_fee" time="1.065" /><testcase classname="backend.tests.test_customer_default_fees.TestCustomerDefaultFees" name="test_create_customer_with_default_fee_regression" time="0.486" /><testcase classname="backend.tests.test_customer_default_fees.TestCustomerDefaultFees" name="test_create_customer_with_both_fees" time="0.748" /><testcase classname="backend.tests.test_customer_default_fees.TestCustomerDefaultFees" name="test_clear_default_taxatie_fee" time="1.200" /><testcase classname="backend.tests.test_customer_default_fees.TestCustomerDefaultFees" name="test_filter_by_query" time="0.656" /><testcase classname="backend.tests.test_customer_default_fees.TestCustomerDefaultFees" name="test_delete_customer" time="0.434" /><testcase classname="backend.tests.test_customer_default_fees.TestCustomerDefaultFees" name="test_delete_nonexistent_customer_returns_404" time="0.115" /><testcase classname="backend.tests.test_customer_default_fees.TestCustomerDefaultFees" name="test_create_without_name_returns_400" time="0.095" /><testcase classname="backend.tests.test_customer_default_fees.TestCustomerDefaultFees" name="test_taxateur_can_access" time="0.885" /><testcase classname="backend.tests.test_customer_default_fees.TestCustomerDefaultFees" name="test_no_auth_returns_401" time="0.253" /></testsuite></testsuites>