<?xml version="1.0" encoding="utf-8"?><testsuites name="pytest tests"><testsuite name="pytest" errors="0" failures="0" skipped="0" tests="41" time="5.986" timestamp="2026-07-23T21:53:25.169329+00:00" hostname="agent-env-846bd353-cf45-4ac3-9347-173ad6930b9f"><testcase classname="backend.tests.test_motodirect.TestCatalog" name="test_catalog_list" time="0.238" /><testcase classname="backend.tests.test_motodirect.TestCatalog" name="test_catalog_brand_filter" time="0.038" /><testcase classname="backend.tests.test_motodirect.TestCatalog" name="test_catalog_price_filter" time="0.040" /><testcase classname="backend.tests.test_motodirect.TestCatalog" name="test_catalog_sort" time="0.035" /><testcase classname="backend.tests.test_motodirect.TestCatalog" name="test_catalog_detail_and_deposit" time="0.070" /><testcase classname="backend.tests.test_motodirect.TestCatalog" name="test_catalog_detail_not_found" time="0.033" /><testcase classname="backend.tests.test_motodirect.TestRegister" name="test_register_success" time="0.254" /><testcase classname="backend.tests.test_motodirect.TestRegister" name="test_register_duplicate_email" time="0.033" /><testcase classname="backend.tests.test_motodirect.TestRegister" name="test_register_invalid_bsn" time="0.073" /><testcase classname="backend.tests.test_motodirect.TestRegister" name="test_register_missing_fields" time="0.035" /><testcase classname="backend.tests.test_motodirect.TestRegister" name="test_register_short_password" time="0.032" /><testcase classname="backend.tests.test_motodirect.TestLogin" name="test_login_success" time="0.300" /><testcase classname="backend.tests.test_motodirect.TestLogin" name="test_login_wrong_password" time="0.295" /><testcase classname="backend.tests.test_motodirect.TestLogin" name="test_login_unknown_email" time="0.034" /><testcase classname="backend.tests.test_motodirect.TestBuyerProfile" name="test_me_authenticated" time="0.076" /><testcase classname="backend.tests.test_motodirect.TestBuyerProfile" name="test_me_unauthenticated" time="0.032" /><testcase classname="backend.tests.test_motodirect.TestBuyerProfile" name="test_my_orders_authenticated_empty" time="0.034" /><testcase classname="backend.tests.test_motodirect.TestBuyerProfile" name="test_my_orders_unauthenticated" time="0.032" /><testcase classname="backend.tests.test_motodirect.TestAdminEndpoints" name="test_admin_orders" time="0.291" /><testcase classname="backend.tests.test_motodirect.TestAdminEndpoints" name="test_admin_customers" time="0.034" /><testcase classname="backend.tests.test_motodirect.TestAdminEndpoints" name="test_admin_orders_requires_admin" time="0.058" /><testcase classname="backend.tests.test_motodirect.TestAdminEndpoints" name="test_admin_customers_requires_admin" time="0.034" /><testcase classname="backend.tests.test_motodirect.TestAdminEndpoints" name="test_admin_orders_unauthenticated" time="0.030" /><testcase classname="backend.tests.test_motodirect.TestRoleIsolation" name="test_admin_cannot_use_motodirect_me" time="0.071" /><testcase classname="backend.tests.test_motodirect.TestAdminSettings" name="test_get_settings_admin" time="0.033" /><testcase classname="backend.tests.test_motodirect.TestAdminSettings" name="test_get_settings_forbidden_for_buyer" time="0.036" /><testcase classname="backend.tests.test_motodirect.TestAdminSettings" name="test_get_settings_forbidden_unauth" time="0.032" /><testcase classname="backend.tests.test_motodirect.TestAdminSettings" name="test_put_settings_negative_rejected" time="0.073" /><testcase classname="backend.tests.test_motodirect.TestAdminSettings" name="test_put_settings_non_numeric_rejected" time="0.036" /><testcase classname="backend.tests.test_motodirect.TestAdminSettings" name="test_put_settings_forbidden_for_buyer" time="0.034" /><testcase classname="backend.tests.test_motodirect.TestMarkupAppliedToCatalog" name="test_default_markup_500_applied" time="0.138" /><testcase classname="backend.tests.test_motodirect.TestMarkupAppliedToCatalog" name="test_update_markup_750_reflected_immediately" time="0.105" /><testcase classname="backend.tests.test_motodirect.TestMarkupAppliedToCatalog" name="test_update_markup_zero_edge_case" time="0.110" /><testcase classname="backend.tests.test_motodirect.TestMarkupAppliedToCatalog" name="test_reset_markup_to_500" time="0.067" /><testcase classname="backend.tests.test_motodirect.TestCatalogDetailFees" name="test_detail_returns_fees" time="0.112" /><testcase classname="backend.tests.test_motodirect.TestCheckoutKeuringChoice" name="test_motodirect_plus_taxatie" time="0.693" /><testcase classname="backend.tests.test_motodirect.TestCheckoutKeuringChoice" name="test_self_no_taxatie" time="0.395" /><testcase classname="backend.tests.test_motodirect.TestCheckoutKeuringChoice" name="test_self_with_taxatie" time="0.411" /><testcase classname="backend.tests.test_motodirect.TestCheckoutKeuringChoice" name="test_default_keuring_choice_is_motodirect" time="0.515" /><testcase classname="backend.tests.test_motodirect.TestCheckoutKeuringChoice" name="test_invalid_keuring_choice_falls_back_to_motodirect" time="0.417" /><testcase classname="backend.tests.test_motodirect.TestCheckoutKeuringChoice" name="test_order_has_all_required_fields" time="0.457" /></testsuite></testsuites>