<?xml version="1.0" encoding="utf-8"?><testsuites name="pytest tests"><testsuite name="pytest" errors="0" failures="0" skipped="0" tests="16" time="1.939" timestamp="2026-02-27T20:03:42.972032+00:00" hostname="agent-env-459fa5a9-c53a-419a-a5a5-e82801cfecfc"><testcase classname="backend.tests.test_admin_analytics.TestConversionAnalytics" name="test_conversion_analytics_returns_200" time="0.601" /><testcase classname="backend.tests.test_admin_analytics.TestConversionAnalytics" name="test_conversion_analytics_has_summary" time="0.069" /><testcase classname="backend.tests.test_admin_analytics.TestConversionAnalytics" name="test_conversion_analytics_has_brand_performance" time="0.182" /><testcase classname="backend.tests.test_admin_analytics.TestConversionAnalytics" name="test_conversion_analytics_has_top_dealers" time="0.097" /><testcase classname="backend.tests.test_admin_analytics.TestConversionAnalytics" name="test_conversion_analytics_has_price_range_performance" time="0.057" /><testcase classname="backend.tests.test_admin_analytics.TestConversionAnalytics" name="test_conversion_analytics_requires_admin" time="0.117" /><testcase classname="backend.tests.test_admin_analytics.TestMarketingFiles" name="test_marketing_files_returns_200" time="0.062" /><testcase classname="backend.tests.test_admin_analytics.TestMarketingFiles" name="test_marketing_files_has_required_fields" time="0.059" /><testcase classname="backend.tests.test_admin_analytics.TestMarketingFiles" name="test_marketing_files_count_is_39" time="0.071" /><testcase classname="backend.tests.test_admin_analytics.TestMarketingFiles" name="test_marketing_files_all_migrated" time="0.053" /><testcase classname="backend.tests.test_admin_analytics.TestMarketingFiles" name="test_marketing_files_structure" time="0.071" /><testcase classname="backend.tests.test_admin_analytics.TestMarketingFiles" name="test_marketing_files_requires_admin" time="0.114" /><testcase classname="backend.tests.test_admin_analytics.TestMarkSoldElsewhere" name="test_mark_sold_elsewhere_requires_foreign_dealer" time="0.046" /><testcase classname="backend.tests.test_admin_analytics.TestMarkSoldElsewhere" name="test_mark_sold_elsewhere_requires_auth" time="0.127" /><testcase classname="backend.tests.test_admin_analytics.TestDealerAnalytics" name="test_dealer_analytics_returns_404_for_invalid_dealer" time="0.042" /><testcase classname="backend.tests.test_admin_analytics.TestDealerAnalytics" name="test_dealer_analytics_requires_admin" time="0.090" /></testsuite></testsuites>