<?xml version="1.0" encoding="utf-8"?><testsuites name="pytest tests"><testsuite name="pytest" errors="0" failures="0" skipped="0" tests="31" time="4.791" timestamp="2026-04-12T19:27:06.126315+00:00" hostname="agent-env-846bd353-cf45-4ac3-9347-173ad6930b9f"><testcase classname="tests.test_refactored_backend.TestHealthAndBasics" name="test_health_endpoint" time="0.127" /><testcase classname="tests.test_refactored_backend.TestHealthAndBasics" name="test_root_endpoint" time="0.080" /><testcase classname="tests.test_refactored_backend.TestAuthentication" name="test_admin_login_success" time="0.303" /><testcase classname="tests.test_refactored_backend.TestAuthentication" name="test_dealer_login_success" time="0.306" /><testcase classname="tests.test_refactored_backend.TestAuthentication" name="test_login_invalid_credentials" time="0.081" /><testcase classname="tests.test_refactored_backend.TestMotorcycles" name="test_get_motorcycles_admin" time="1.006" /><testcase classname="tests.test_refactored_backend.TestMotorcycles" name="test_get_motorcycles_requires_auth" time="0.085" /><testcase classname="tests.test_refactored_backend.TestMotorcycles" name="test_customer_share_endpoint" time="0.225" /><testcase classname="tests.test_refactored_backend.TestOrders" name="test_get_orders_admin" time="0.092" /><testcase classname="tests.test_refactored_backend.TestOrders" name="test_get_orders_requires_auth" time="0.083" /><testcase classname="tests.test_refactored_backend.TestDealers" name="test_get_dealers_admin" time="0.085" /><testcase classname="tests.test_refactored_backend.TestDealers" name="test_get_approved_dealers_admin" time="0.088" /><testcase classname="tests.test_refactored_backend.TestExchangeRate" name="test_get_exchange_rate" time="0.098" /><testcase classname="tests.test_refactored_backend.TestStats" name="test_get_stats_admin" time="0.087" /><testcase classname="tests.test_refactored_backend.TestNotifications" name="test_get_notifications_admin" time="0.118" /><testcase classname="tests.test_refactored_backend.TestNotifications" name="test_get_unread_count" time="0.092" /><testcase classname="tests.test_refactored_backend.TestTaxatie" name="test_get_taxatie_programma_admin" time="0.113" /><testcase classname="tests.test_refactored_backend.TestParts" name="test_get_part_categories" time="0.103" /><testcase classname="tests.test_refactored_backend.TestLicensePlates" name="test_get_license_plates_admin" time="0.107" /><testcase classname="tests.test_refactored_backend.TestProposals" name="test_get_price_proposals_admin" time="0.072" /><testcase classname="tests.test_refactored_backend.TestProposals" name="test_get_proposals_count" time="0.085" /><testcase classname="tests.test_refactored_backend.TestWantedRequests" name="test_get_wanted_requests_admin" time="0.088" /><testcase classname="tests.test_refactored_backend.TestWantedRequests" name="test_get_pending_count" time="0.109" /><testcase classname="tests.test_refactored_backend.TestReviews" name="test_get_reviews" time="0.101" /><testcase classname="tests.test_refactored_backend.TestPublicEndpoints" name="test_get_public_motors" time="0.094" /><testcase classname="tests.test_refactored_backend.TestAdminEndpoints" name="test_get_marketing_files_admin" time="0.106" /><testcase classname="tests.test_refactored_backend.TestAdminEndpoints" name="test_get_analytics_conversion" time="0.091" /><testcase classname="tests.test_refactored_backend.TestAdminEndpoints" name="test_get_activity_notifications_count" time="0.087" /><testcase classname="tests.test_refactored_backend.TestAdminEndpoints" name="test_get_top_dealers" time="0.081" /><testcase classname="tests.test_refactored_backend.TestDealerEndpoints" name="test_get_dealer_welcome_message" time="0.414" /><testcase classname="tests.test_refactored_backend.TestDealerEndpoints" name="test_get_auth_me" time="0.092" /></testsuite></testsuites>