<?xml version="1.0" encoding="utf-8"?><testsuites name="pytest tests"><testsuite name="pytest" errors="0" failures="0" skipped="0" tests="8" time="2.581" timestamp="2026-03-24T22:48:42.659784+00:00" hostname="agent-env-846bd353-cf45-4ac3-9347-173ad6930b9f"><testcase classname="backend.tests.test_pricing_changes.TestHealthCheck" name="test_api_health" time="0.236" /><testcase classname="backend.tests.test_pricing_changes.TestPrivateListingPricing" name="test_checkout_amount_is_4_95" time="1.020" /><testcase classname="backend.tests.test_pricing_changes.TestDealerContactAccess" name="test_active_listings_hides_contact_for_unpaid_dealer" time="0.418" /><testcase classname="backend.tests.test_pricing_changes.TestDealerContactAccess" name="test_dealer_checkout_creates_175_eur_session" time="0.514" /><testcase classname="backend.tests.test_pricing_changes.TestDealerContactAccess" name="test_dealer_access_confirm_endpoint_exists" time="0.084" /><testcase classname="backend.tests.test_pricing_changes.TestDealerContactAccess" name="test_dealer_access_confirm_with_invalid_listing" time="0.095" /><testcase classname="backend.tests.test_pricing_changes.TestSpecificTestListing" name="test_specific_listing_in_active_listings" time="0.080" /><testcase classname="backend.tests.test_pricing_changes.TestParticulierRoleRestrictions" name="test_particulier_cannot_access_active_listings" time="0.078" /></testsuite></testsuites>