<?xml version="1.0" encoding="utf-8"?><testsuites name="pytest tests"><testsuite name="pytest" errors="0" failures="0" skipped="0" tests="11" time="43.285" timestamp="2026-04-23T19:53:17.459421+00:00" hostname="agent-env-846bd353-cf45-4ac3-9347-173ad6930b9f"><testcase classname="backend.tests.test_coc_cvo_v2" name="test_honda_coc_returns_400" time="1.341" /><testcase classname="backend.tests.test_coc_cvo_v2" name="test_supplier_metadata_on_order[Yamaha-expected0]" time="7.516" /><testcase classname="backend.tests.test_coc_cvo_v2" name="test_supplier_metadata_on_order[Kawasaki-expected1]" time="6.554" /><testcase classname="backend.tests.test_coc_cvo_v2" name="test_supplier_metadata_on_order[KTM-expected2]" time="5.340" /><testcase classname="backend.tests.test_coc_cvo_v2" name="test_supplier_metadata_on_order[Triumph-expected3]" time="3.539" /><testcase classname="backend.tests.test_coc_cvo_v2" name="test_coc_orders_admin_access" time="0.086" /><testcase classname="backend.tests.test_coc_cvo_v2" name="test_coc_orders_dealer_forbidden" time="0.089" /><testcase classname="backend.tests.test_coc_cvo_v2" name="test_coc_status_update_success" time="5.061" /><testcase classname="backend.tests.test_coc_cvo_v2" name="test_coc_status_invalid_status_400" time="4.932" /><testcase classname="backend.tests.test_coc_cvo_v2" name="test_coc_status_on_non_coc_order_400" time="3.847" /><testcase classname="backend.tests.test_coc_cvo_v2" name="test_coc_status_dealer_forbidden" time="4.912" /></testsuite></testsuites>