<?xml version="1.0" encoding="utf-8"?><testsuites name="pytest tests"><testsuite name="pytest" errors="0" failures="0" skipped="0" tests="13" time="17.913" timestamp="2026-01-30T15:48:04.438858+00:00" hostname="agent-env-b5001c74-cec3-467e-a7ff-9b1a3f34fa90"><testcase classname="backend.tests.test_payment_flow.TestAuthentication" name="test_api_root" time="0.522" /><testcase classname="backend.tests.test_payment_flow.TestAuthentication" name="test_dealer_login" time="0.797" /><testcase classname="backend.tests.test_payment_flow.TestAuthentication" name="test_admin_login" time="0.743" /><testcase classname="backend.tests.test_payment_flow.TestMotorcycleDetail" name="test_get_motorcycle_detail" time="1.260" /><testcase classname="backend.tests.test_payment_flow.TestMotorcycleDetail" name="test_get_motorcycle_bids" time="1.441" /><testcase classname="backend.tests.test_payment_flow.TestPaymentCalculation" name="test_payment_calculation_without_delivery" time="2.178" /><testcase classname="backend.tests.test_payment_flow.TestPaymentCalculation" name="test_payment_calculation_with_delivery" time="2.017" /><testcase classname="backend.tests.test_payment_flow.TestStripeCheckout" name="test_create_checkout_session_without_delivery" time="2.244" /><testcase classname="backend.tests.test_payment_flow.TestStripeCheckout" name="test_create_checkout_session_with_delivery" time="1.439" /><testcase classname="backend.tests.test_payment_flow.TestAdminDashboard" name="test_get_admin_stats" time="1.455" /><testcase classname="backend.tests.test_payment_flow.TestAdminDashboard" name="test_get_all_motorcycles" time="1.070" /><testcase classname="backend.tests.test_payment_flow.TestAdminDashboard" name="test_get_all_orders" time="1.050" /><testcase classname="backend.tests.test_payment_flow.TestAdminDashboard" name="test_get_all_dealers" time="1.526" /></testsuite></testsuites>