<?xml version="1.0" encoding="utf-8"?><testsuites name="pytest tests"><testsuite name="pytest" errors="0" failures="0" skipped="0" tests="9" time="15.242" timestamp="2026-02-15T08:40:31.463015+00:00" hostname="agent-env-27595f27-a3f6-45da-8e05-104bffbc84bd"><testcase classname="backend.tests.test_delete_dealer.TestDeleteDealerFeature" name="test_01_admin_login" time="0.486" /><testcase classname="backend.tests.test_delete_dealer.TestDeleteDealerFeature" name="test_02_get_dealers_list" time="0.431" /><testcase classname="backend.tests.test_delete_dealer.TestDeleteDealerFeature" name="test_03_create_test_dealer_for_deletion" time="2.087" /><testcase classname="backend.tests.test_delete_dealer.TestDeleteDealerFeature" name="test_04_approve_test_dealer" time="2.348" /><testcase classname="backend.tests.test_delete_dealer.TestDeleteDealerFeature" name="test_05_delete_dealer_success" time="2.839" /><testcase classname="backend.tests.test_delete_dealer.TestDeleteDealerFeature" name="test_06_delete_nonexistent_dealer" time="0.493" /><testcase classname="backend.tests.test_delete_dealer.TestDeleteDealerFeature" name="test_07_delete_dealer_unauthorized" time="2.187" /><testcase classname="backend.tests.test_delete_dealer.TestDeleteDealerFeature" name="test_08_get_approved_dealers" time="0.519" /><testcase classname="backend.tests.test_delete_dealer.TestDeleteDealerIntegration" name="test_delete_dealer_cleans_up_related_data" time="3.775" /></testsuite></testsuites>