<?xml version="1.0" encoding="utf-8"?><testsuites name="pytest tests"><testsuite name="pytest" errors="0" failures="0" skipped="0" tests="18" time="2.705" timestamp="2026-07-23T22:26:25.133565+00:00" hostname="agent-env-846bd353-cf45-4ac3-9347-173ad6930b9f"><testcase classname="backend.tests.test_motodirect.TestManualDealerReferencePrice" name="test_set_manual_value_persists_and_overrides_formula" time="0.609" /><testcase classname="backend.tests.test_motodirect.TestManualDealerReferencePrice" name="test_clear_manual_value_falls_back_to_formula" time="0.191" /><testcase classname="backend.tests.test_motodirect.TestManualDealerReferencePrice" name="test_negative_value_rejected" time="0.077" /><testcase classname="backend.tests.test_motodirect.TestManualDealerReferencePrice" name="test_zero_value_rejected" time="0.035" /><testcase classname="backend.tests.test_motodirect.TestManualDealerReferencePrice" name="test_non_numeric_value_rejected" time="0.036" /><testcase classname="backend.tests.test_motodirect.TestManualDealerReferencePrice" name="test_unknown_motor_returns_404" time="0.037" /><testcase classname="backend.tests.test_motodirect.TestManualDealerReferencePrice" name="test_forbidden_for_buyer" time="0.329" /><testcase classname="backend.tests.test_motodirect.TestManualDealerReferencePrice" name="test_unauthenticated_rejected" time="0.073" /><testcase classname="backend.tests.test_motodirect.TestManualDealerReferencePrice" name="test_cleanup_ensure_no_manual_override" time="0.036" /><testcase classname="backend.tests.test_motodirect.TestMarktplaatsScraper" name="test_scrape_missing_brand_400" time="0.074" /><testcase classname="backend.tests.test_motodirect.TestMarktplaatsScraper" name="test_scrape_missing_model_400" time="0.034" /><testcase classname="backend.tests.test_motodirect.TestMarktplaatsScraper" name="test_scrape_empty_body_400" time="0.080" /><testcase classname="backend.tests.test_motodirect.TestMarktplaatsScraper" name="test_scrape_forbidden_for_buyer" time="0.036" /><testcase classname="backend.tests.test_motodirect.TestMarktplaatsScraper" name="test_scrape_unauthenticated" time="0.076" /><testcase classname="backend.tests.test_motodirect.TestMarktplaatsScraper" name="test_scrape_yamaha_tracer9_returns_results" time="0.318" /><testcase classname="backend.tests.test_motodirect.TestMarktplaatsScraper" name="test_scrape_unknown_model_returns_count_zero_no_crash" time="0.141" /><testcase classname="backend.tests.test_motodirect.TestMarktplaatsScraper" name="test_scrape_filters_parts_out" time="0.352" /><testcase classname="backend.tests.test_motodirect.TestIter40Regression" name="test_catalog_still_has_savings_after_iter40" time="0.034" /></testsuite></testsuites>