<?xml version="1.0" encoding="utf-8"?><testsuites name="pytest tests"><testsuite name="pytest" errors="0" failures="0" skipped="2" tests="15" time="11.874" timestamp="2026-04-07T15:31:09.515795+00:00" hostname="agent-env-846bd353-cf45-4ac3-9347-173ad6930b9f"><testcase classname="backend.tests.test_bpm_taxatie.TestBpmTaxatieBackend" name="test_01_bpm_calculation_bruto_bpm" time="1.079" /><testcase classname="backend.tests.test_bpm_taxatie.TestBpmTaxatieBackend" name="test_02_forfaitair_percentage_48_months" time="0.854" /><testcase classname="backend.tests.test_bpm_taxatie.TestBpmTaxatieBackend" name="test_03_koerslijst_method_calculation" time="0.844" /><testcase classname="backend.tests.test_bpm_taxatie.TestBpmTaxatieBackend" name="test_04_schade_aftrek_calculation" time="0.900" /><testcase classname="backend.tests.test_bpm_taxatie.TestBpmTaxatieBackend" name="test_05_beste_methode_selection" time="0.808" /><testcase classname="backend.tests.test_bpm_taxatie.TestBpmTaxatieBackend" name="test_06_bpm_tarief_low_value" time="0.895" /><testcase classname="backend.tests.test_bpm_taxatie.TestBpmTaxatieBackend" name="test_07_list_taxaties" time="0.711" /><testcase classname="backend.tests.test_bpm_taxatie.TestBpmTaxatieBackend" name="test_08_get_single_taxatie" time="0.756" /><testcase classname="backend.tests.test_bpm_taxatie.TestBpmTaxatieBackend" name="test_09_update_taxatie" time="0.725" /><testcase classname="backend.tests.test_bpm_taxatie.TestBpmTaxatieBackend" name="test_10_finalize_taxatie" time="0.722" /><testcase classname="backend.tests.test_bpm_taxatie.TestBpmTaxatieBackend" name="test_11_delete_taxatie" time="0.784" /><testcase classname="backend.tests.test_bpm_taxatie.TestBpmTaxatieBackend" name="test_12_dealer_cannot_access_taxatie_list" time="0.631"><skipped type="pytest.skip" message="Dealer token not available">/app/backend/tests/test_bpm_taxatie.py:350: Dealer token not available</skipped></testcase><testcase classname="backend.tests.test_bpm_taxatie.TestBpmTaxatieBackend" name="test_13_dealer_cannot_create_taxatie" time="0.610"><skipped type="pytest.skip" message="Dealer token not available">/app/backend/tests/test_bpm_taxatie.py:362: Dealer token not available</skipped></testcase><testcase classname="backend.tests.test_bpm_taxatie.TestBpmTaxatieBackend" name="test_14_unauthenticated_cannot_access" time="0.738" /><testcase classname="backend.tests.test_bpm_taxatie.TestBpmTaxatieBackend" name="test_15_get_nonexistent_taxatie" time="0.748" /></testsuite></testsuites>