<?xml version="1.0" encoding="utf-8"?><testsuites name="pytest tests"><testsuite name="pytest" errors="0" failures="0" skipped="0" tests="12" time="5.276" timestamp="2026-02-17T19:35:53.812088+00:00" hostname="agent-env-4f36d60a-92e5-4b1e-8d7c-4a072e49e050"><testcase classname="backend.tests.test_shortcode_login.TestShortCodeVerification" name="test_valid_shortcode_returns_company_info" time="0.764" /><testcase classname="backend.tests.test_shortcode_login.TestShortCodeVerification" name="test_invalid_shortcode_returns_404" time="0.091" /><testcase classname="backend.tests.test_shortcode_login.TestShortCodeVerification" name="test_shortcode_case_insensitive" time="0.658" /><testcase classname="backend.tests.test_shortcode_login.TestShortCodeLogin" name="test_shortcode_login_returns_token_and_user" time="0.598" /><testcase classname="backend.tests.test_shortcode_login.TestShortCodeLogin" name="test_shortcode_login_invalid_code_returns_401" time="0.083" /><testcase classname="backend.tests.test_shortcode_login.TestShortCodeLogin" name="test_shortcode_login_token_is_valid" time="0.709" /><testcase classname="backend.tests.test_shortcode_login.TestGeneratePermanentLink" name="test_generate_permanent_link_returns_url_and_code" time="0.418" /><testcase classname="backend.tests.test_shortcode_login.TestGeneratePermanentLink" name="test_generate_permanent_link_requires_auth" time="0.078" /><testcase classname="backend.tests.test_shortcode_login.TestGeneratePermanentLink" name="test_regenerate_link_creates_new_code" time="0.518" /><testcase classname="backend.tests.test_shortcode_login.TestMyPermanentLink" name="test_get_my_permanent_link_returns_link_info" time="0.470" /><testcase classname="backend.tests.test_shortcode_login.TestMyPermanentLink" name="test_get_my_permanent_link_requires_auth" time="0.086" /><testcase classname="backend.tests.test_shortcode_login.TestEndToEndShortCodeFlow" name="test_complete_flow_generate_verify_login" time="0.669" /></testsuite></testsuites>