<?xml version="1.0" encoding="utf-8"?><testsuites name="pytest tests"><testsuite name="pytest" errors="0" failures="0" skipped="1" tests="14" time="4.755" timestamp="2026-02-24T11:38:56.498569+00:00" hostname="agent-env-4590834b-91e6-418b-8c08-d5dcff8e075a"><testcase classname="backend.tests.test_auto_activation.TestAutoActivation" name="test_health_check" time="0.259" /><testcase classname="backend.tests.test_auto_activation.TestAutoActivation" name="test_admin_login" time="0.442" /><testcase classname="backend.tests.test_auto_activation.TestAutoActivation" name="test_get_pending_foreign_listings_requires_auth" time="0.090" /><testcase classname="backend.tests.test_auto_activation.TestAutoActivation" name="test_get_pending_foreign_listings_admin_only" time="0.348" /><testcase classname="backend.tests.test_auto_activation.TestAutoActivation" name="test_create_pending_motorcycle_for_auto_activation" time="0.454" /><testcase classname="backend.tests.test_auto_activation.TestAutoActivation" name="test_update_motorcycle_price_auto_activates" time="0.377"><skipped type="pytest.skip" message="No pending motorcycles available for testing">/app/backend/tests/test_auto_activation.py:140: No pending motorcycles available for testing</skipped></testcase><testcase classname="backend.tests.test_auto_activation.TestBulkMotorcycleCreation" name="test_bulk_create_requires_auth" time="0.098" /><testcase classname="backend.tests.test_auto_activation.TestBulkMotorcycleCreation" name="test_bulk_create_motorcycles" time="0.523" /><testcase classname="backend.tests.test_auto_activation.TestBulkMotorcycleCreation" name="test_bulk_create_validates_max_count" time="0.362" /><testcase classname="backend.tests.test_auto_activation.TestBulkMotorcycleCreation" name="test_bulk_create_validates_empty_list" time="0.366" /><testcase classname="backend.tests.test_auto_activation.TestMotorcycleVisibility" name="test_create_motorcycle_with_visibility_all" time="0.472" /><testcase classname="backend.tests.test_auto_activation.TestMotorcycleVisibility" name="test_update_motorcycle_visibility" time="0.455" /><testcase classname="backend.tests.test_auto_activation.TestActivateEndpoint" name="test_activate_endpoint_requires_auth" time="0.088" /><testcase classname="backend.tests.test_auto_activation.TestActivateEndpoint" name="test_activate_endpoint_404_for_nonexistent" time="0.349" /></testsuite></testsuites>