<?xml version="1.0" encoding="utf-8"?><testsuites name="pytest tests"><testsuite name="pytest" errors="0" failures="0" skipped="0" tests="5" time="1.555" timestamp="2026-04-19T20:17:20.255965+00:00" hostname="agent-env-846bd353-cf45-4ac3-9347-173ad6930b9f"><testcase classname="backend.tests.test_pakbon_fields" name="test_pakbon_orders_include_fix_fields" time="0.449" /><testcase classname="backend.tests.test_pakbon_fields" name="test_admin_orders_include_fix_fields" time="0.404" /><testcase classname="backend.tests.test_pakbon_fields" name="test_admin_update_payment_instructions_persists" time="0.359" /><testcase classname="backend.tests.test_pakbon_fields" name="test_pakbon_cannot_update_payment_instructions" time="0.101" /><testcase classname="backend.tests.test_pakbon_fields" name="test_license_plate_endpoint_allows_pakbon" time="0.190" /></testsuite></testsuites>