<?xml version="1.0" encoding="utf-8"?><testsuites name="pytest tests"><testsuite name="pytest" errors="0" failures="0" skipped="0" tests="21" time="16.441" timestamp="2026-02-19T15:13:28.698975+00:00" hostname="agent-env-073328de-28d5-4c36-a5d1-0c2af1f997ec"><testcase classname="backend.tests.test_bulk_email.TestBulkEmailEndpoints" name="test_get_available_flyers_requires_admin" time="0.285" /><testcase classname="backend.tests.test_bulk_email.TestBulkEmailEndpoints" name="test_get_available_flyers_success" time="0.477" /><testcase classname="backend.tests.test_bulk_email.TestBulkEmailEndpoints" name="test_get_marketing_lists_requires_admin" time="0.087" /><testcase classname="backend.tests.test_bulk_email.TestBulkEmailEndpoints" name="test_get_marketing_lists_success" time="0.201" /><testcase classname="backend.tests.test_bulk_email.TestBulkEmailEndpoints" name="test_upload_csv_requires_admin" time="0.091" /><testcase classname="backend.tests.test_bulk_email.TestBulkEmailEndpoints" name="test_upload_csv_rejects_non_csv" time="0.095" /><testcase classname="backend.tests.test_bulk_email.TestBulkEmailEndpoints" name="test_upload_csv_success_comma_delimiter" time="0.108" /><testcase classname="backend.tests.test_bulk_email.TestBulkEmailEndpoints" name="test_upload_csv_success_semicolon_delimiter" time="0.080" /><testcase classname="backend.tests.test_bulk_email.TestBulkEmailEndpoints" name="test_upload_csv_no_valid_emails" time="0.077" /><testcase classname="backend.tests.test_bulk_email.TestBulkEmailEndpoints" name="test_uploaded_csv_appears_in_marketing_lists" time="0.254" /><testcase classname="backend.tests.test_bulk_email.TestBulkEmailEndpoints" name="test_bulk_email_requires_admin" time="0.092" /><testcase classname="backend.tests.test_bulk_email.TestBulkEmailEndpoints" name="test_bulk_email_basic_success" time="1.375" /><testcase classname="backend.tests.test_bulk_email.TestBulkEmailEndpoints" name="test_bulk_email_with_about_us" time="1.721" /><testcase classname="backend.tests.test_bulk_email.TestBulkEmailEndpoints" name="test_bulk_email_with_flyer_attachment" time="1.969" /><testcase classname="backend.tests.test_bulk_email.TestBulkEmailEndpoints" name="test_bulk_email_with_all_options" time="2.055" /><testcase classname="backend.tests.test_bulk_email.TestBulkEmailEndpoints" name="test_bulk_email_multiple_recipients" time="5.402" /><testcase classname="backend.tests.test_bulk_email.TestDealerNotificationLogic" name="test_verify_dutch_dealer_exists" time="0.393" /><testcase classname="backend.tests.test_bulk_email.TestDealerNotificationLogic" name="test_verify_swiss_dealer_exists" time="0.324" /><testcase classname="backend.tests.test_bulk_email.TestDealerNotificationLogic" name="test_get_dealers_endpoint_filters_foreign" time="0.468" /><testcase classname="backend.tests.test_bulk_email.TestMarketingListContent" name="test_get_marketing_list_content" time="0.636" /><testcase classname="backend.tests.test_bulk_email.TestMarketingListContent" name="test_get_nonexistent_list_returns_404" time="0.148" /></testsuite></testsuites>