<?xml version="1.0" encoding="utf-8"?><testsuites name="pytest tests"><testsuite name="pytest" errors="0" failures="0" skipped="0" tests="15" time="3.494" timestamp="2026-03-24T22:29:07.962331+00:00" hostname="agent-env-846bd353-cf45-4ac3-9347-173ad6930b9f"><testcase classname="tests.test_private_listings.TestPrivateListingsRegistration" name="test_register_particulier_success" time="0.478" /><testcase classname="tests.test_private_listings.TestPrivateListingsRegistration" name="test_register_duplicate_email" time="0.087" /><testcase classname="tests.test_private_listings.TestPrivateListingsRegistration" name="test_register_missing_fields" time="0.112" /><testcase classname="tests.test_private_listings.TestParticulierLogin" name="test_login_particulier_success" time="0.292" /><testcase classname="tests.test_private_listings.TestParticulierLogin" name="test_login_with_existing_test_account" time="0.340" /><testcase classname="tests.test_private_listings.TestCreatePrivateListing" name="test_create_listing_success" time="0.077" /><testcase classname="tests.test_private_listings.TestCreatePrivateListing" name="test_create_listing_unauthorized" time="0.208" /><testcase classname="tests.test_private_listings.TestCreatePrivateListing" name="test_create_listing_dealer_forbidden" time="0.426" /><testcase classname="tests.test_private_listings.TestStripeCheckout" name="test_checkout_returns_url" time="0.600" /><testcase classname="tests.test_private_listings.TestStripeCheckout" name="test_checkout_invalid_listing" time="0.088" /><testcase classname="tests.test_private_listings.TestMyListings" name="test_get_my_listings" time="0.088" /><testcase classname="tests.test_private_listings.TestMyListings" name="test_my_listings_unauthorized" time="0.096" /><testcase classname="tests.test_private_listings.TestActiveListings" name="test_active_listings_for_dealer" time="0.383" /><testcase classname="tests.test_private_listings.TestActiveListings" name="test_active_listings_forbidden_for_particulier" time="0.084" /><testcase classname="tests.test_private_listings.TestHealthCheck" name="test_api_health" time="0.073" /></testsuite></testsuites>