<?xml version="1.0" encoding="utf-8"?><testsuites name="pytest tests"><testsuite name="pytest" errors="0" failures="0" skipped="0" tests="20" time="8.511" timestamp="2026-03-30T20:57:30.530461+00:00" hostname="agent-env-846bd353-cf45-4ac3-9347-173ad6930b9f"><testcase classname="backend.tests.test_google_motors.TestPublicMotorEndpoints" name="test_public_motors_list" time="0.163" /><testcase classname="backend.tests.test_google_motors.TestPublicMotorEndpoints" name="test_public_motors_brands" time="0.292" /><testcase classname="backend.tests.test_google_motors.TestPublicMotorEndpoints" name="test_public_motors_filter_by_brand" time="0.218" /><testcase classname="backend.tests.test_google_motors.TestPublicMotorEndpoints" name="test_public_motors_sort_by_price" time="0.082" /><testcase classname="backend.tests.test_google_motors.TestPublicMotorDetail" name="test_public_motor_detail" time="0.187" /><testcase classname="backend.tests.test_google_motors.TestPublicMotorDetail" name="test_public_motor_detail_not_found" time="0.077" /><testcase classname="backend.tests.test_google_motors.TestPublicInterestForm" name="test_interest_form_with_email" time="1.062" /><testcase classname="backend.tests.test_google_motors.TestPublicInterestForm" name="test_interest_form_with_phone" time="0.812" /><testcase classname="backend.tests.test_google_motors.TestPublicInterestForm" name="test_interest_form_requires_contact" time="0.376" /><testcase classname="backend.tests.test_google_motors.TestDealerAuthentication" name="test_dealer_login" time="0.357" /><testcase classname="backend.tests.test_google_motors.TestDealerGoogleMotorsEndpoints" name="test_get_subscription_status" time="0.394" /><testcase classname="backend.tests.test_google_motors.TestDealerGoogleMotorsEndpoints" name="test_get_my_google_motors" time="0.379" /><testcase classname="backend.tests.test_google_motors.TestDealerGoogleMotorsEndpoints" name="test_checkout_per_motor_plan" time="0.889" /><testcase classname="backend.tests.test_google_motors.TestDealerGoogleMotorsEndpoints" name="test_checkout_monthly_plan" time="0.766" /><testcase classname="backend.tests.test_google_motors.TestDealerGoogleMotorsEndpoints" name="test_checkout_invalid_plan" time="0.433" /><testcase classname="backend.tests.test_google_motors.TestAdminAuthentication" name="test_admin_login" time="0.351" /><testcase classname="backend.tests.test_google_motors.TestAdminGoogleMotorsEndpoints" name="test_get_all_google_motors" time="0.402" /><testcase classname="backend.tests.test_google_motors.TestAdminGoogleMotorsEndpoints" name="test_get_pending_google_motors" time="0.402" /><testcase classname="backend.tests.test_google_motors.TestAdminAccessControl" name="test_dealer_cannot_access_admin_pending" time="0.374" /><testcase classname="backend.tests.test_google_motors.TestAdminAccessControl" name="test_dealer_cannot_access_admin_all" time="0.414" /></testsuite></testsuites>