<?xml version="1.0" encoding="utf-8"?><testsuites name="pytest tests"><testsuite name="pytest" errors="0" failures="0" skipped="0" tests="15" time="11.185" timestamp="2026-04-07T15:08:30.657519+00:00" hostname="agent-env-846bd353-cf45-4ac3-9347-173ad6930b9f"><testcase classname="backend.tests.test_taxatie_programma.TestTaxatieProgrammaBackend" name="test_01_create_taxatie" time="0.767" /><testcase classname="backend.tests.test_taxatie_programma.TestTaxatieProgrammaBackend" name="test_02_list_taxaties" time="0.784" /><testcase classname="backend.tests.test_taxatie_programma.TestTaxatieProgrammaBackend" name="test_03_get_single_taxatie" time="0.726" /><testcase classname="backend.tests.test_taxatie_programma.TestTaxatieProgrammaBackend" name="test_04_update_taxatie" time="0.702" /><testcase classname="backend.tests.test_taxatie_programma.TestTaxatieProgrammaBackend" name="test_05_finalize_taxatie" time="0.828" /><testcase classname="backend.tests.test_taxatie_programma.TestTaxatieProgrammaBackend" name="test_06_delete_taxatie" time="0.786" /><testcase classname="backend.tests.test_taxatie_programma.TestTaxatieProgrammaBackend" name="test_07_dealer_cannot_access_taxatie_list" time="0.740" /><testcase classname="backend.tests.test_taxatie_programma.TestTaxatieProgrammaBackend" name="test_08_dealer_cannot_create_taxatie" time="0.689" /><testcase classname="backend.tests.test_taxatie_programma.TestTaxatieProgrammaBackend" name="test_09_unauthenticated_cannot_access" time="0.738" /><testcase classname="backend.tests.test_taxatie_programma.TestTaxatieProgrammaBackend" name="test_10_google_motors_public_endpoint" time="0.699" /><testcase classname="backend.tests.test_taxatie_programma.TestTaxatieProgrammaBackend" name="test_11_google_motors_brands_endpoint" time="0.707" /><testcase classname="backend.tests.test_taxatie_programma.TestTaxatieProgrammaBackend" name="test_12_google_motors_authenticated_endpoint" time="0.736" /><testcase classname="backend.tests.test_taxatie_programma.TestTaxatieProgrammaBackend" name="test_13_create_minimal_taxatie" time="0.770" /><testcase classname="backend.tests.test_taxatie_programma.TestTaxatieProgrammaBackend" name="test_14_get_nonexistent_taxatie" time="0.715" /><testcase classname="backend.tests.test_taxatie_programma.TestTaxatieProgrammaBackend" name="test_15_finalize_nonexistent_taxatie" time="0.728" /></testsuite></testsuites>