<?xml version="1.0" encoding="utf-8"?><testsuites name="pytest tests"><testsuite name="pytest" errors="0" failures="0" skipped="0" tests="9" time="3.611" timestamp="2026-02-15T14:55:46.204185+00:00" hostname="agent-env-2de5e4a4-0514-48ae-a9c8-d6cb9f145447"><testcase classname="backend.tests.test_terms_conditions.TestTermsAndConditions" name="test_01_register_new_dealer" time="1.154" /><testcase classname="backend.tests.test_terms_conditions.TestTermsAndConditions" name="test_02_admin_approve_dealer" time="1.062" /><testcase classname="backend.tests.test_terms_conditions.TestTermsAndConditions" name="test_03_login_returns_terms_accepted_false" time="0.354" /><testcase classname="backend.tests.test_terms_conditions.TestTermsAndConditions" name="test_04_accept_terms_without_checkbox_should_work" time="0.100" /><testcase classname="backend.tests.test_terms_conditions.TestTermsAndConditions" name="test_05_login_returns_terms_accepted_true" time="0.305" /><testcase classname="backend.tests.test_terms_conditions.TestTermsAndConditions" name="test_06_auth_me_returns_terms_accepted" time="0.078" /><testcase classname="backend.tests.test_terms_conditions.TestExistingDealerTerms" name="test_existing_dealer_login" time="0.332" /><testcase classname="backend.tests.test_terms_conditions.TestAcceptTermsEndpoint" name="test_accept_terms_requires_auth" time="0.081" /><testcase classname="backend.tests.test_terms_conditions.TestAcceptTermsEndpoint" name="test_accept_terms_with_invalid_token" time="0.097" /></testsuite></testsuites>