<?xml version="1.0" encoding="utf-8"?><testsuites name="pytest tests"><testsuite name="pytest" errors="0" failures="0" skipped="0" tests="8" time="3.980" timestamp="2026-02-18T19:43:29.726509+00:00" hostname="agent-env-06464fde-c5ee-4048-a959-c767ce6f670c"><testcase classname="backend.tests.test_archive_orders.TestArchiveOrdersBackend" name="test_get_orders_excludes_archived" time="0.543" /><testcase classname="backend.tests.test_archive_orders.TestArchiveOrdersBackend" name="test_get_archived_orders" time="0.475" /><testcase classname="backend.tests.test_archive_orders.TestArchiveOrdersBackend" name="test_archive_order_requires_auth" time="0.545" /><testcase classname="backend.tests.test_archive_orders.TestArchiveOrdersBackend" name="test_archive_nonexistent_order" time="0.385" /><testcase classname="backend.tests.test_archive_orders.TestArchiveOrdersBackend" name="test_restore_order_requires_auth" time="0.400" /><testcase classname="backend.tests.test_archive_orders.TestArchiveOrdersBackend" name="test_restore_nonexistent_order" time="0.368" /><testcase classname="backend.tests.test_archive_orders.TestArchiveOrdersBackend" name="test_full_archive_restore_flow" time="0.832" /><testcase classname="backend.tests.test_archive_orders.TestArchiveOrdersBackend" name="test_archived_orders_include_motorcycle_data" time="0.368" /></testsuite></testsuites>