<?xml version="1.0" encoding="utf-8"?><testsuites name="pytest tests"><testsuite name="pytest" errors="0" failures="0" skipped="0" tests="103" time="32.109" timestamp="2026-07-24T09:17:48.848922+00:00" hostname="agent-env-846bd353-cf45-4ac3-9347-173ad6930b9f"><testcase classname="backend.tests.test_motodirect.TestCatalog" name="test_catalog_list" time="0.154" /><testcase classname="backend.tests.test_motodirect.TestCatalog" name="test_catalog_brand_filter" time="0.044" /><testcase classname="backend.tests.test_motodirect.TestCatalog" name="test_catalog_price_filter" time="0.044" /><testcase classname="backend.tests.test_motodirect.TestCatalog" name="test_catalog_sort" time="0.042" /><testcase classname="backend.tests.test_motodirect.TestCatalog" name="test_catalog_detail_and_deposit" time="0.077" /><testcase classname="backend.tests.test_motodirect.TestCatalog" name="test_catalog_detail_not_found" time="0.040" /><testcase classname="backend.tests.test_motodirect.TestRegister" name="test_register_success" time="0.304" /><testcase classname="backend.tests.test_motodirect.TestRegister" name="test_register_duplicate_email" time="0.039" /><testcase classname="backend.tests.test_motodirect.TestRegister" name="test_register_invalid_bsn" time="0.077" /><testcase classname="backend.tests.test_motodirect.TestRegister" name="test_register_missing_fields" time="0.039" /><testcase classname="backend.tests.test_motodirect.TestRegister" name="test_register_short_password" time="0.034" /><testcase classname="backend.tests.test_motodirect.TestLogin" name="test_login_success" time="0.257" /><testcase classname="backend.tests.test_motodirect.TestLogin" name="test_login_wrong_password" time="0.305" /><testcase classname="backend.tests.test_motodirect.TestLogin" name="test_login_unknown_email" time="0.079" /><testcase classname="backend.tests.test_motodirect.TestBuyerProfile" name="test_me_authenticated" time="0.039" /><testcase classname="backend.tests.test_motodirect.TestBuyerProfile" name="test_me_unauthenticated" time="0.082" /><testcase classname="backend.tests.test_motodirect.TestBuyerProfile" name="test_my_orders_authenticated_empty" time="0.045" /><testcase classname="backend.tests.test_motodirect.TestBuyerProfile" name="test_my_orders_unauthenticated" time="0.035" /><testcase classname="backend.tests.test_motodirect.TestAdminEndpoints" name="test_admin_orders" time="0.305" /><testcase classname="backend.tests.test_motodirect.TestAdminEndpoints" name="test_admin_customers" time="0.040" /><testcase classname="backend.tests.test_motodirect.TestAdminEndpoints" name="test_admin_orders_requires_admin" time="0.039" /><testcase classname="backend.tests.test_motodirect.TestAdminEndpoints" name="test_admin_customers_requires_admin" time="0.080" /><testcase classname="backend.tests.test_motodirect.TestAdminEndpoints" name="test_admin_orders_unauthenticated" time="0.075" /><testcase classname="backend.tests.test_motodirect.TestRoleIsolation" name="test_admin_cannot_use_motodirect_me" time="0.037" /><testcase classname="backend.tests.test_motodirect.TestAdminSettings" name="test_get_settings_admin" time="0.077" /><testcase classname="backend.tests.test_motodirect.TestAdminSettings" name="test_get_settings_forbidden_for_buyer" time="0.077" /><testcase classname="backend.tests.test_motodirect.TestAdminSettings" name="test_get_settings_forbidden_unauth" time="0.033" /><testcase classname="backend.tests.test_motodirect.TestAdminSettings" name="test_put_settings_negative_rejected" time="0.038" /><testcase classname="backend.tests.test_motodirect.TestAdminSettings" name="test_put_settings_non_numeric_rejected" time="0.042" /><testcase classname="backend.tests.test_motodirect.TestAdminSettings" name="test_put_settings_forbidden_for_buyer" time="0.047" /><testcase classname="backend.tests.test_motodirect.TestMarkupAppliedToCatalog" name="test_default_markup_500_applied" time="0.169" /><testcase classname="backend.tests.test_motodirect.TestMarkupAppliedToCatalog" name="test_update_markup_750_reflected_immediately" time="0.125" /><testcase classname="backend.tests.test_motodirect.TestMarkupAppliedToCatalog" name="test_update_markup_zero_edge_case" time="0.118" /><testcase classname="backend.tests.test_motodirect.TestMarkupAppliedToCatalog" name="test_reset_markup_to_500" time="0.160" /><testcase classname="backend.tests.test_motodirect.TestCatalogDetailFees" name="test_detail_returns_fees" time="0.105" /><testcase classname="backend.tests.test_motodirect.TestCheckoutKeuringChoice" name="test_motodirect_plus_taxatie" time="0.645" /><testcase classname="backend.tests.test_motodirect.TestCheckoutKeuringChoice" name="test_self_no_taxatie" time="0.443" /><testcase classname="backend.tests.test_motodirect.TestCheckoutKeuringChoice" name="test_self_with_taxatie" time="0.422" /><testcase classname="backend.tests.test_motodirect.TestCheckoutKeuringChoice" name="test_default_keuring_choice_is_motodirect" time="0.473" /><testcase classname="backend.tests.test_motodirect.TestCheckoutKeuringChoice" name="test_invalid_keuring_choice_falls_back_to_motodirect" time="0.447" /><testcase classname="backend.tests.test_motodirect.TestCheckoutKeuringChoice" name="test_order_has_all_required_fields" time="0.498" /><testcase classname="backend.tests.test_motodirect.TestDealerMultiplierSavings" name="test_settings_include_dealer_multiplier" time="0.115" /><testcase classname="backend.tests.test_motodirect.TestDealerMultiplierSavings" name="test_catalog_items_have_savings_fields" time="0.119" /><testcase classname="backend.tests.test_motodirect.TestDealerMultiplierSavings" name="test_dealer_reference_price_formula" time="0.114" /><testcase classname="backend.tests.test_motodirect.TestDealerMultiplierSavings" name="test_detail_has_savings_fields" time="0.198" /><testcase classname="backend.tests.test_motodirect.TestDealerMultiplierSavings" name="test_update_multiplier_reflects_in_catalog" time="0.210" /><testcase classname="backend.tests.test_motodirect.TestDealerMultiplierSavings" name="test_multiplier_below_1_rejected" time="0.039" /><testcase classname="backend.tests.test_motodirect.TestDealerMultiplierSavings" name="test_multiplier_above_3_rejected" time="0.082" /><testcase classname="backend.tests.test_motodirect.TestDealerMultiplierSavings" name="test_multiplier_non_numeric_rejected" time="0.037" /><testcase classname="backend.tests.test_motodirect.TestDealerMultiplierSavings" name="test_put_markup_only_backward_compat" time="0.082" /><testcase classname="backend.tests.test_motodirect.TestDealerMultiplierSavings" name="test_put_multiplier_only" time="0.166" /><testcase classname="backend.tests.test_motodirect.TestDealerMultiplierSavings" name="test_multiplier_forbidden_for_buyer" time="0.087" /><testcase classname="backend.tests.test_motodirect.TestDealerMultiplierSavings" name="test_reset_multiplier_final" time="0.109" /><testcase classname="backend.tests.test_motodirect.TestManualDealerReferencePrice" name="test_set_manual_value_persists_and_overrides_formula" time="0.220" /><testcase classname="backend.tests.test_motodirect.TestManualDealerReferencePrice" name="test_clear_manual_value_falls_back_to_formula" time="0.148" /><testcase classname="backend.tests.test_motodirect.TestManualDealerReferencePrice" name="test_negative_value_rejected" time="0.050" /><testcase classname="backend.tests.test_motodirect.TestManualDealerReferencePrice" name="test_zero_value_rejected" time="0.040" /><testcase classname="backend.tests.test_motodirect.TestManualDealerReferencePrice" name="test_non_numeric_value_rejected" time="0.040" /><testcase classname="backend.tests.test_motodirect.TestManualDealerReferencePrice" name="test_unknown_motor_returns_404" time="0.042" /><testcase classname="backend.tests.test_motodirect.TestManualDealerReferencePrice" name="test_forbidden_for_buyer" time="0.084" /><testcase classname="backend.tests.test_motodirect.TestManualDealerReferencePrice" name="test_unauthenticated_rejected" time="0.042" /><testcase classname="backend.tests.test_motodirect.TestManualDealerReferencePrice" name="test_cleanup_ensure_no_manual_override" time="0.081" /><testcase classname="backend.tests.test_motodirect.TestMarktplaatsScraper" name="test_scrape_missing_brand_400" time="0.082" /><testcase classname="backend.tests.test_motodirect.TestMarktplaatsScraper" name="test_scrape_missing_model_400" time="0.039" /><testcase classname="backend.tests.test_motodirect.TestMarktplaatsScraper" name="test_scrape_empty_body_400" time="0.082" /><testcase classname="backend.tests.test_motodirect.TestMarktplaatsScraper" name="test_scrape_forbidden_for_buyer" time="0.040" /><testcase classname="backend.tests.test_motodirect.TestMarktplaatsScraper" name="test_scrape_unauthenticated" time="0.043" /><testcase classname="backend.tests.test_motodirect.TestMarktplaatsScraper" name="test_scrape_yamaha_tracer9_returns_results" time="0.390" /><testcase classname="backend.tests.test_motodirect.TestMarktplaatsScraper" name="test_scrape_unknown_model_returns_count_zero_no_crash" time="0.179" /><testcase classname="backend.tests.test_motodirect.TestMarktplaatsScraper" name="test_scrape_filters_parts_out" time="0.358" /><testcase classname="backend.tests.test_motodirect.TestIter40Regression" name="test_catalog_still_has_savings_after_iter40" time="0.041" /><testcase classname="backend.tests.test_motodirect.TestCancelOrder" name="test_cancel_404_unknown_order" time="0.084" /><testcase classname="backend.tests.test_motodirect.TestCancelOrder" name="test_cancel_pending_order_no_refund" time="0.547" /><testcase classname="backend.tests.test_motodirect.TestCancelOrder" name="test_cancel_paid_order_computes_fee_and_refund" time="1.703" /><testcase classname="backend.tests.test_motodirect.TestCancelOrder" name="test_cancel_paid_with_invalid_payment_intent_still_returns_valid_schema" time="1.846" /><testcase classname="backend.tests.test_motodirect.TestCancelOrder" name="test_cancel_already_cancelled_returns_400" time="0.479" /><testcase classname="backend.tests.test_motodirect.TestCancelOrder" name="test_cancel_foreign_order_returns_404" time="0.327" /><testcase classname="backend.tests.test_motodirect.TestCancelOrder" name="test_cancel_unauthenticated" time="0.047" /><testcase classname="backend.tests.test_motodirect.TestInvoiceAndPakbonPDF" name="test_invoice_deposit_buyer_returns_pdf" time="0.705" /><testcase classname="backend.tests.test_motodirect.TestInvoiceAndPakbonPDF" name="test_invoice_deposit_admin_can_download" time="0.046" /><testcase classname="backend.tests.test_motodirect.TestInvoiceAndPakbonPDF" name="test_invoice_deposit_404_unknown_order" time="0.083" /><testcase classname="backend.tests.test_motodirect.TestInvoiceAndPakbonPDF" name="test_invoice_deposit_403_foreign_buyer" time="0.460" /><testcase classname="backend.tests.test_motodirect.TestInvoiceAndPakbonPDF" name="test_invoice_deposit_unauthenticated" time="0.043" /><testcase classname="backend.tests.test_motodirect.TestInvoiceAndPakbonPDF" name="test_pakbon_buyer_returns_pdf" time="0.043" /><testcase classname="backend.tests.test_motodirect.TestInvoiceAndPakbonPDF" name="test_pakbon_admin_can_download" time="0.047" /><testcase classname="backend.tests.test_motodirect.TestInvoiceAndPakbonPDF" name="test_pakbon_404_unknown_order" time="0.043" /><testcase classname="backend.tests.test_motodirect.TestInvoiceAndPakbonPDF" name="test_pakbon_403_foreign_buyer" time="0.307" /><testcase classname="backend.tests.test_motodirect.TestInvoiceAndPakbonPDF" name="test_pakbon_unauthenticated" time="0.049" /><testcase classname="backend.tests.test_motodirect.TestPublicApiHealth" name="test_health_no_auth_returns_401" time="0.053" /><testcase classname="backend.tests.test_motodirect.TestPublicApiHealth" name="test_health_wrong_token_returns_403" time="0.039" /><testcase classname="backend.tests.test_motodirect.TestPublicApiHealth" name="test_health_valid_token_returns_200_status_ok" time="0.081" /><testcase classname="backend.tests.test_motodirect.TestPublicApiHealth" name="test_health_non_bearer_scheme_returns_401" time="0.082" /><testcase classname="backend.tests.test_motodirect.TestPublicApiReserveRelease" name="test_reserve_no_auth_returns_401" time="0.123" /><testcase classname="backend.tests.test_motodirect.TestPublicApiReserveRelease" name="test_reserve_wrong_token_returns_403" time="0.081" /><testcase classname="backend.tests.test_motodirect.TestPublicApiReserveRelease" name="test_release_no_auth_returns_401" time="0.046" /><testcase classname="backend.tests.test_motodirect.TestPublicApiReserveRelease" name="test_release_wrong_token_returns_403" time="0.041" /><testcase classname="backend.tests.test_motodirect.TestPublicApiReserveRelease" name="test_reserve_unknown_motor_returns_404" time="0.040" /><testcase classname="backend.tests.test_motodirect.TestPublicApiReserveRelease" name="test_reserve_release_full_cycle" time="8.209" /><testcase classname="backend.tests.test_motodirect.TestPublicApiReserveRelease" name="test_reserve_empty_body_accepted" time="6.400" /><testcase classname="backend.tests.test_motodirect.TestPublicApiRegressionExistingEndpoints" name="test_catalog_still_public_no_auth" time="0.080" /><testcase classname="backend.tests.test_motodirect.TestPublicApiRegressionExistingEndpoints" name="test_admin_settings_still_works" time="0.048" /><testcase classname="backend.tests.test_motodirect.TestPublicApiRegressionExistingEndpoints" name="test_admin_scrape_marktplaats_still_requires_admin" time="0.078" /><testcase classname="backend.tests.test_motodirect.TestPublicApiRegressionExistingEndpoints" name="test_admin_dealer_reference_price_still_requires_admin" time="0.080" /></testsuite></testsuites>