<?xml version="1.0" encoding="utf-8"?><testsuites name="pytest tests"><testsuite name="pytest" errors="0" failures="0" skipped="0" tests="8" time="2.520" timestamp="2026-04-26T13:37:09.784918+00:00" hostname="agent-env-846bd353-cf45-4ac3-9347-173ad6930b9f"><testcase classname="backend.tests.test_taxatie_report_date" name="test_create_persists_report_date" time="0.434" /><testcase classname="backend.tests.test_taxatie_report_date" name="test_list_returns_report_date" time="0.088" /><testcase classname="backend.tests.test_taxatie_report_date" name="test_get_single_returns_report_date" time="0.092" /><testcase classname="backend.tests.test_taxatie_report_date" name="test_update_report_date" time="0.275" /><testcase classname="backend.tests.test_taxatie_report_date" name="test_taxatieverslag_pdf_contains_report_date" time="0.237" /><testcase classname="backend.tests.test_taxatie_report_date" name="test_taxatierapport_pdf_contains_report_date" time="0.123" /><testcase classname="backend.tests.test_taxatie_report_date" name="test_belastingdienst_pdf_with_report_date" time="0.425" /><testcase classname="backend.tests.test_taxatie_report_date" name="test_pdfs_work_without_report_date" time="0.784" /></testsuite></testsuites>