<?xml version="1.0" encoding="utf-8"?><testsuites name="pytest tests"><testsuite name="pytest" errors="0" failures="0" skipped="0" tests="15" time="8.815" timestamp="2026-05-27T15:42:43.417144+00:00" hostname="agent-env-846bd353-cf45-4ac3-9347-173ad6930b9f"><testcase classname="backend.tests.test_taxatie_aanvraag.TestPublicSubmission" name="test_submit_success" time="3.108" /><testcase classname="backend.tests.test_taxatie_aanvraag.TestPublicSubmission" name="test_too_many_detail_photos" time="0.104" /><testcase classname="backend.tests.test_taxatie_aanvraag.TestPublicSubmission" name="test_missing_required_photo" time="0.271" /><testcase classname="backend.tests.test_taxatie_aanvraag.TestStaticFiles" name="test_uploaded_file_accessible" time="0.564" /><testcase classname="backend.tests.test_taxatie_aanvraag.TestAdminEndpoints" name="test_list_requires_auth" time="0.124" /><testcase classname="backend.tests.test_taxatie_aanvraag.TestAdminEndpoints" name="test_list_forbidden_for_dealer" time="0.419" /><testcase classname="backend.tests.test_taxatie_aanvraag.TestAdminEndpoints" name="test_list_works_for_admin" time="0.112" /><testcase classname="backend.tests.test_taxatie_aanvraag.TestAdminEndpoints" name="test_list_works_for_taxateur" time="0.451" /><testcase classname="backend.tests.test_taxatie_aanvraag.TestAdminEndpoints" name="test_get_single" time="0.133" /><testcase classname="backend.tests.test_taxatie_aanvraag.TestAdminEndpoints" name="test_status_update_valid" time="0.187" /><testcase classname="backend.tests.test_taxatie_aanvraag.TestAdminEndpoints" name="test_status_update_invalid" time="0.097" /><testcase classname="backend.tests.test_taxatie_aanvraag.TestCustomerLink" name="test_customer_created_for_admin" time="0.098" /><testcase classname="backend.tests.test_taxatie_aanvraag.TestCustomerLink" name="test_upsert_no_duplicate" time="2.655" /><testcase classname="backend.tests.test_taxatie_aanvraag.TestZCleanup" name="test_delete_aanvraag" time="0.316" /><testcase classname="backend.tests.test_taxatie_aanvraag.TestZCleanup" name="test_delete_customer" time="0.113" /></testsuite></testsuites>